2025-04-08 15:51:37,830 - zentao_bug_monitor - INFO - BUGط...
2025-04-08 15:51:39,264 - zentao_bug_monitor - INFO - API¼ɹ
2025-04-08 15:51:39,264 - zentao_bug_monitor - INFO - ʼBUG...
2025-04-08 15:51:40,165 - zentao_bug_monitor - ERROR - ȡBUGбʧܣ״̬: 400Ӧ: {"error":"Need product id."}
2025-04-08 15:51:40,166 - zentao_bug_monitor - WARNING - ȡBUGбΪջʧ
2025-04-08 15:51:45,902 - zentao_bug_monitor - INFO - ֹͣ
2025-04-08 16:13:46,017 - zentao_bug_monitor - INFO - BUGط...
2025-04-08 16:13:47,105 - zentao_bug_monitor - INFO - API¼ɹ
2025-04-08 16:13:47,106 - zentao_bug_monitor - INFO - ʼBUG...
2025-04-08 16:13:47,106 - zentao_bug_monitor - INFO - ڻȡĿIDΪ 5 BUGб
2025-04-08 16:13:47,688 - zentao_bug_monitor - ERROR - ȡBUGбʧܣ״̬: 400Ӧ: {"error":"Need product id."}
2025-04-08 16:13:47,689 - zentao_bug_monitor - WARNING - ȡBUGбΪջʧ
2025-04-08 16:13:57,721 - zentao_bug_monitor - INFO - ֹͣ
2025-04-08 16:13:59,462 - zentao_bug_monitor - INFO - BUGط...
2025-04-08 16:14:00,455 - zentao_bug_monitor - INFO - API¼ɹ
2025-04-08 16:14:00,456 - zentao_bug_monitor - INFO - ʼBUG...
2025-04-08 16:14:00,456 - zentao_bug_monitor - INFO - ڻȡĿIDΪ 5 BUGб
2025-04-08 16:14:01,431 - zentao_bug_monitor - ERROR - ȡBUGбʧܣ״̬: 400Ӧ: {"error":"Need product id."}
2025-04-08 16:14:01,432 - zentao_bug_monitor - WARNING - ȡBUGбΪջʧ
2025-04-08 16:15:23,155 - zentao_bug_monitor - INFO - ֹͣ
2025-04-08 16:16:06,626 - zentao_bug_monitor - INFO - BUGط...
2025-04-08 16:16:07,486 - zentao_bug_monitor - INFO - API¼ɹ
2025-04-08 16:16:07,486 - zentao_bug_monitor - INFO - ʼBUG...
2025-04-08 16:16:07,486 - zentao_bug_monitor - INFO - ڻȡƷIDΪ 1 BUGб
2025-04-08 16:16:07,487 - zentao_bug_monitor - INFO - ĿIDΪ 5
2025-04-08 16:16:29,870 - zentao_bug_monitor - INFO - ɹȡ 15 BUG
2025-04-08 16:17:05,958 - zentao_bug_monitor - INFO - BUG
2025-04-08 16:22:06,072 - zentao_bug_monitor - INFO - ʼBUG...
2025-04-08 16:22:06,072 - zentao_bug_monitor - INFO - ڻȡƷIDΪ 1 BUGб
2025-04-08 16:22:06,073 - zentao_bug_monitor - INFO - ĿIDΪ 5
2025-04-08 16:22:07,315 - zentao_bug_monitor - INFO - ɹȡ 15 BUG
2025-04-08 16:22:21,463 - zentao_bug_monitor - INFO - BUG
2025-04-08 16:27:21,576 - zentao_bug_monitor - INFO - ʼBUG...
2025-04-08 16:27:21,576 - zentao_bug_monitor - INFO - ڻȡƷIDΪ 1 BUGб
2025-04-08 16:27:21,576 - zentao_bug_monitor - INFO - ĿIDΪ 5
2025-04-08 16:27:22,970 - zentao_bug_monitor - INFO - ɹȡ 15 BUG
2025-04-08 16:27:57,812 - zentao_bug_monitor - INFO - BUG
2025-04-08 16:32:57,918 - zentao_bug_monitor - INFO - ʼBUG...
2025-04-08 16:32:57,918 - zentao_bug_monitor - INFO - ڻȡƷIDΪ 1 BUGб
2025-04-08 16:32:57,918 - zentao_bug_monitor - INFO - ĿIDΪ 5
2025-04-08 16:32:58,875 - zentao_bug_monitor - INFO - ɹȡ 15 BUG
2025-04-08 16:33:54,407 - zentao_bug_monitor - INFO - BUG
2025-04-08 16:37:42,251 - zentao_bug_monitor - INFO - ֹͣ
2025-04-08 16:40:30,721 - zentao_bug_monitor - INFO - BUGط...
2025-04-08 16:40:31,458 - zentao_bug_monitor - INFO - API¼ɹ
2025-04-08 16:40:31,459 - zentao_bug_monitor - INFO - ʼBUG...
2025-04-08 16:40:31,460 - zentao_bug_monitor - INFO - ڻȡƷIDΪ 1 BUGб
2025-04-08 16:40:31,460 - zentao_bug_monitor - INFO - ĿIDΪ 5
2025-04-08 16:40:32,580 - zentao_bug_monitor - INFO - ɹȡ 15 BUG
2025-04-08 16:42:34,500 - zentao_bug_monitor - INFO - 禅道API登录成功
2025-04-08 16:42:35,368 - zentao_bug_monitor - INFO - 成功获取到 1 个产品
2025-04-08 16:43:09,319 - zentao_bug_monitor - INFO - 禅道API登录成功
2025-04-08 16:43:09,912 - zentao_bug_monitor - INFO - 成功获取到 1 个产品
2025-04-08 20:21:32,824 - zentao_bug_monitor - INFO - 禅道API登录成功
2025-04-08 20:21:54,822 - zentao_bug_monitor - INFO - 成功获取到 5 个产品
2025-04-08 20:23:52,500 - zentao_bug_monitor - INFO - 禅道API登录成功
2025-04-08 20:23:53,440 - zentao_bug_monitor - ERROR - 获取项目关联产品列表失败，状态码: 404，响应: {"error":"not found"}
2025-04-08 20:24:04,117 - zentao_bug_monitor - INFO - 禅道API登录成功
2025-04-08 20:24:05,361 - zentao_bug_monitor - ERROR - 获取项目关联产品列表失败，状态码: 404，响应: {"error":"not found"}
2025-04-08 20:24:27,221 - zentao_bug_monitor - INFO - 禅道API登录成功
2025-04-08 20:24:28,516 - zentao_bug_monitor - INFO - 成功获取到 5 个产品
2025-04-08 20:24:39,121 - zentao_bug_monitor - INFO - 禅道API登录成功
2025-04-08 20:24:40,061 - zentao_bug_monitor - ERROR - 获取项目关联产品列表失败，状态码: 404，响应: {"error":"not found"}
2025-04-08 20:29:49,405 - zentao_bug_monitor - INFO - 禅道BUG监控服务启动...
2025-04-08 20:29:50,263 - zentao_bug_monitor - INFO - 禅道API登录成功
2025-04-08 20:29:50,263 - zentao_bug_monitor - INFO - 开始检查BUG更新...
2025-04-08 20:29:50,263 - zentao_bug_monitor - INFO - 正在获取产品ID为 3,4,5,6 的BUG列表
2025-04-08 20:29:50,264 - zentao_bug_monitor - INFO - 过滤项目ID为 5
2025-04-08 20:29:51,584 - zentao_bug_monitor - INFO - 成功获取到 3 个BUG
2025-04-08 20:29:54,380 - zentao_bug_monitor - INFO - BUG检查完成
2025-04-08 20:34:54,501 - zentao_bug_monitor - INFO - 开始检查BUG更新...
2025-04-08 20:34:54,501 - zentao_bug_monitor - INFO - 正在获取产品ID为 3,4,5,6 的BUG列表
2025-04-08 20:34:54,501 - zentao_bug_monitor - INFO - 过滤项目ID为 5
2025-04-08 20:34:55,360 - zentao_bug_monitor - INFO - 成功获取到 3 个BUG
2025-04-08 20:34:58,230 - zentao_bug_monitor - INFO - BUG检查完成
2025-04-08 20:39:24,646 - zentao_bug_monitor - INFO - 服务已停止
2025-04-08 20:47:24,426 - zentao_bug_monitor - INFO - 禅道BUG监控服务启动...
2025-04-08 20:47:25,156 - zentao_bug_monitor - INFO - 禅道API登录成功
2025-04-08 20:47:25,157 - zentao_bug_monitor - INFO - 开始检查BUG更新...
2025-04-08 20:47:25,157 - zentao_bug_monitor - INFO - 正在获取产品ID为 3,4,5,6 的BUG列表
2025-04-08 20:47:25,157 - zentao_bug_monitor - INFO - 过滤项目ID为 5
2025-04-08 20:47:26,089 - zentao_bug_monitor - INFO - 成功获取到 3 个BUG
2025-04-08 20:47:28,907 - zentao_bug_monitor - INFO - BUG检查完成
2025-04-08 20:52:29,030 - zentao_bug_monitor - INFO - 开始检查BUG更新...
2025-04-08 20:52:29,030 - zentao_bug_monitor - INFO - 正在获取产品ID为 3,4,5,6 的BUG列表
2025-04-08 20:52:29,030 - zentao_bug_monitor - INFO - 过滤项目ID为 5
2025-04-08 20:52:29,838 - zentao_bug_monitor - INFO - 成功获取到 3 个BUG
2025-04-08 20:52:33,280 - zentao_bug_monitor - INFO - BUG检查完成
2025-04-08 20:57:33,382 - zentao_bug_monitor - INFO - 开始检查BUG更新...
2025-04-08 20:57:33,382 - zentao_bug_monitor - INFO - 正在获取产品ID为 3,4,5,6 的BUG列表
2025-04-08 20:57:33,382 - zentao_bug_monitor - INFO - 过滤项目ID为 5
2025-04-08 20:57:55,811 - zentao_bug_monitor - INFO - 成功获取到 3 个BUG
2025-04-08 20:58:20,091 - zentao_bug_monitor - INFO - BUG检查完成
2025-04-08 21:03:20,197 - zentao_bug_monitor - INFO - 开始检查BUG更新...
2025-04-08 21:03:20,197 - zentao_bug_monitor - INFO - 正在获取产品ID为 3,4,5,6 的BUG列表
2025-04-08 21:03:20,197 - zentao_bug_monitor - INFO - 过滤项目ID为 5
2025-04-08 21:03:21,376 - zentao_bug_monitor - INFO - 成功获取到 3 个BUG
2025-04-08 21:03:45,964 - zentao_bug_monitor - INFO - BUG检查完成
2025-04-08 21:08:46,067 - zentao_bug_monitor - INFO - 开始检查BUG更新...
2025-04-08 21:08:46,067 - zentao_bug_monitor - INFO - 正在获取产品ID为 3,4,5,6 的BUG列表
2025-04-08 21:08:46,067 - zentao_bug_monitor - INFO - 过滤项目ID为 5
2025-04-08 21:09:08,261 - zentao_bug_monitor - INFO - 成功获取到 3 个BUG
2025-04-08 21:09:10,396 - zentao_bug_monitor - INFO - BUG检查完成
2025-04-08 21:14:10,501 - zentao_bug_monitor - INFO - 开始检查BUG更新...
2025-04-08 21:14:10,501 - zentao_bug_monitor - INFO - 正在获取产品ID为 3,4,5,6 的BUG列表
2025-04-08 21:14:10,501 - zentao_bug_monitor - INFO - 过滤项目ID为 5
2025-04-08 21:14:12,009 - zentao_bug_monitor - INFO - 成功获取到 3 个BUG
2025-04-08 21:14:35,714 - zentao_bug_monitor - INFO - BUG检查完成
2025-04-08 21:19:35,823 - zentao_bug_monitor - INFO - 开始检查BUG更新...
2025-04-08 21:19:35,823 - zentao_bug_monitor - INFO - 正在获取产品ID为 3,4,5,6 的BUG列表
2025-04-08 21:19:35,823 - zentao_bug_monitor - INFO - 过滤项目ID为 5
2025-04-08 21:19:36,619 - zentao_bug_monitor - INFO - 成功获取到 3 个BUG
2025-04-08 21:19:39,005 - zentao_bug_monitor - INFO - BUG检查完成
2025-04-08 21:24:39,109 - zentao_bug_monitor - INFO - 开始检查BUG更新...
2025-04-08 21:24:39,109 - zentao_bug_monitor - INFO - 正在获取产品ID为 3,4,5,6 的BUG列表
2025-04-08 21:24:39,109 - zentao_bug_monitor - INFO - 过滤项目ID为 5
2025-04-08 21:24:39,946 - zentao_bug_monitor - INFO - 成功获取到 3 个BUG
2025-04-08 21:24:42,929 - zentao_bug_monitor - INFO - BUG检查完成
2025-04-08 21:29:43,042 - zentao_bug_monitor - INFO - 开始检查BUG更新...
2025-04-08 21:29:43,042 - zentao_bug_monitor - INFO - 正在获取产品ID为 3,4,5,6 的BUG列表
2025-04-08 21:29:43,042 - zentao_bug_monitor - INFO - 过滤项目ID为 5
2025-04-08 21:29:44,178 - zentao_bug_monitor - INFO - 成功获取到 3 个BUG
2025-04-08 21:29:47,498 - zentao_bug_monitor - INFO - BUG检查完成
2025-04-08 21:34:47,604 - zentao_bug_monitor - INFO - 开始检查BUG更新...
2025-04-08 21:34:47,604 - zentao_bug_monitor - INFO - 正在获取产品ID为 3,4,5,6 的BUG列表
2025-04-08 21:34:47,604 - zentao_bug_monitor - INFO - 过滤项目ID为 5
2025-04-08 21:34:49,133 - zentao_bug_monitor - INFO - 成功获取到 3 个BUG
2025-04-08 21:34:52,123 - zentao_bug_monitor - INFO - BUG检查完成
2025-04-08 21:39:52,233 - zentao_bug_monitor - INFO - 开始检查BUG更新...
2025-04-08 21:39:52,233 - zentao_bug_monitor - INFO - 正在获取产品ID为 3,4,5,6 的BUG列表
2025-04-08 21:39:52,233 - zentao_bug_monitor - INFO - 过滤项目ID为 5
2025-04-08 21:39:53,540 - zentao_bug_monitor - INFO - 成功获取到 3 个BUG
2025-04-08 21:39:57,128 - zentao_bug_monitor - INFO - BUG检查完成
2025-04-08 21:44:57,229 - zentao_bug_monitor - INFO - 开始检查BUG更新...
2025-04-08 21:44:57,229 - zentao_bug_monitor - INFO - 正在获取产品ID为 3,4,5,6 的BUG列表
2025-04-08 21:44:57,229 - zentao_bug_monitor - INFO - 过滤项目ID为 5
2025-04-08 21:44:58,277 - zentao_bug_monitor - INFO - 成功获取到 3 个BUG
2025-04-08 21:45:01,142 - zentao_bug_monitor - INFO - BUG检查完成
2025-04-08 21:50:01,244 - zentao_bug_monitor - INFO - 开始检查BUG更新...
2025-04-08 21:50:01,244 - zentao_bug_monitor - INFO - 正在获取产品ID为 3,4,5,6 的BUG列表
2025-04-08 21:50:01,245 - zentao_bug_monitor - INFO - 过滤项目ID为 5
2025-04-08 21:50:02,088 - zentao_bug_monitor - INFO - 成功获取到 3 个BUG
2025-04-08 21:50:04,593 - zentao_bug_monitor - INFO - BUG检查完成
2025-04-08 21:55:04,697 - zentao_bug_monitor - INFO - 开始检查BUG更新...
2025-04-08 21:55:04,697 - zentao_bug_monitor - INFO - 正在获取产品ID为 3,4,5,6 的BUG列表
2025-04-08 21:55:04,697 - zentao_bug_monitor - INFO - 过滤项目ID为 5
2025-04-08 21:55:05,489 - zentao_bug_monitor - INFO - 成功获取到 3 个BUG
2025-04-08 21:55:07,343 - zentao_bug_monitor - INFO - BUG检查完成
2025-04-08 22:00:07,447 - zentao_bug_monitor - INFO - 开始检查BUG更新...
2025-04-08 22:00:07,447 - zentao_bug_monitor - INFO - 正在获取产品ID为 3,4,5,6 的BUG列表
2025-04-08 22:00:07,447 - zentao_bug_monitor - INFO - 过滤项目ID为 5
2025-04-08 22:00:08,609 - zentao_bug_monitor - INFO - 成功获取到 3 个BUG
2025-04-08 22:00:11,026 - zentao_bug_monitor - INFO - BUG检查完成
2025-04-08 22:05:11,131 - zentao_bug_monitor - INFO - 开始检查BUG更新...
2025-04-08 22:05:11,131 - zentao_bug_monitor - INFO - 正在获取产品ID为 3,4,5,6 的BUG列表
2025-04-08 22:05:11,131 - zentao_bug_monitor - INFO - 过滤项目ID为 5
2025-04-08 22:05:12,268 - zentao_bug_monitor - INFO - 成功获取到 3 个BUG
2025-04-08 22:05:15,658 - zentao_bug_monitor - INFO - BUG检查完成
2025-04-08 22:10:15,763 - zentao_bug_monitor - INFO - 开始检查BUG更新...
2025-04-08 22:10:15,763 - zentao_bug_monitor - INFO - 正在获取产品ID为 3,4,5,6 的BUG列表
2025-04-08 22:10:15,764 - zentao_bug_monitor - INFO - 过滤项目ID为 5
2025-04-08 22:10:16,547 - zentao_bug_monitor - INFO - 成功获取到 3 个BUG
2025-04-08 22:10:41,081 - zentao_bug_monitor - INFO - BUG检查完成
2025-04-08 22:15:41,187 - zentao_bug_monitor - INFO - 开始检查BUG更新...
2025-04-08 22:15:41,187 - zentao_bug_monitor - INFO - 正在获取产品ID为 3,4,5,6 的BUG列表
2025-04-08 22:15:41,187 - zentao_bug_monitor - INFO - 过滤项目ID为 5
2025-04-08 22:15:42,662 - zentao_bug_monitor - INFO - 成功获取到 3 个BUG
2025-04-08 22:15:44,463 - zentao_bug_monitor - INFO - BUG检查完成
2025-04-08 22:20:44,573 - zentao_bug_monitor - INFO - 开始检查BUG更新...
2025-04-08 22:20:44,573 - zentao_bug_monitor - INFO - 正在获取产品ID为 3,4,5,6 的BUG列表
2025-04-08 22:20:44,573 - zentao_bug_monitor - INFO - 过滤项目ID为 5
2025-04-08 22:20:45,628 - zentao_bug_monitor - INFO - 成功获取到 3 个BUG
2025-04-08 22:20:48,466 - zentao_bug_monitor - INFO - BUG检查完成
2025-04-08 22:25:48,580 - zentao_bug_monitor - INFO - 开始检查BUG更新...
2025-04-08 22:25:48,580 - zentao_bug_monitor - INFO - 正在获取产品ID为 3,4,5,6 的BUG列表
2025-04-08 22:25:48,580 - zentao_bug_monitor - INFO - 过滤项目ID为 5
2025-04-08 22:25:50,049 - zentao_bug_monitor - INFO - 成功获取到 3 个BUG
2025-04-08 22:25:52,607 - zentao_bug_monitor - INFO - BUG检查完成
2025-04-08 22:30:52,715 - zentao_bug_monitor - INFO - 开始检查BUG更新...
2025-04-08 22:30:52,715 - zentao_bug_monitor - INFO - 正在获取产品ID为 3,4,5,6 的BUG列表
2025-04-08 22:30:52,715 - zentao_bug_monitor - INFO - 过滤项目ID为 5
2025-04-08 22:30:53,799 - zentao_bug_monitor - INFO - 成功获取到 3 个BUG
2025-04-08 22:30:56,326 - zentao_bug_monitor - INFO - BUG检查完成
2025-04-08 22:35:56,434 - zentao_bug_monitor - INFO - 开始检查BUG更新...
2025-04-08 22:35:56,434 - zentao_bug_monitor - INFO - 正在获取产品ID为 3,4,5,6 的BUG列表
2025-04-08 22:35:56,435 - zentao_bug_monitor - INFO - 过滤项目ID为 5
2025-04-08 22:35:57,228 - zentao_bug_monitor - INFO - 成功获取到 3 个BUG
2025-04-08 22:36:00,224 - zentao_bug_monitor - INFO - BUG检查完成
2025-04-08 22:41:00,328 - zentao_bug_monitor - INFO - 开始检查BUG更新...
2025-04-08 22:41:00,328 - zentao_bug_monitor - INFO - 正在获取产品ID为 3,4,5,6 的BUG列表
2025-04-08 22:41:00,328 - zentao_bug_monitor - INFO - 过滤项目ID为 5
2025-04-08 22:41:01,227 - zentao_bug_monitor - INFO - 成功获取到 3 个BUG
2025-04-08 22:41:04,420 - zentao_bug_monitor - INFO - BUG检查完成
2025-04-08 22:46:04,534 - zentao_bug_monitor - INFO - 开始检查BUG更新...
2025-04-08 22:46:04,534 - zentao_bug_monitor - INFO - 正在获取产品ID为 3,4,5,6 的BUG列表
2025-04-08 22:46:04,534 - zentao_bug_monitor - INFO - 过滤项目ID为 5
2025-04-08 22:46:05,295 - zentao_bug_monitor - INFO - 成功获取到 3 个BUG
2025-04-08 22:46:07,387 - zentao_bug_monitor - INFO - BUG检查完成
2025-04-08 22:51:07,498 - zentao_bug_monitor - INFO - 开始检查BUG更新...
2025-04-08 22:51:07,498 - zentao_bug_monitor - INFO - 正在获取产品ID为 3,4,5,6 的BUG列表
2025-04-08 22:51:07,498 - zentao_bug_monitor - INFO - 过滤项目ID为 5
2025-04-08 22:51:09,229 - zentao_bug_monitor - INFO - 成功获取到 3 个BUG
2025-04-08 22:51:11,806 - zentao_bug_monitor - INFO - BUG检查完成
2025-04-08 22:56:11,916 - zentao_bug_monitor - INFO - 开始检查BUG更新...
2025-04-08 22:56:11,916 - zentao_bug_monitor - INFO - 正在获取产品ID为 3,4,5,6 的BUG列表
2025-04-08 22:56:11,916 - zentao_bug_monitor - INFO - 过滤项目ID为 5
2025-04-08 22:56:12,958 - zentao_bug_monitor - INFO - 成功获取到 3 个BUG
2025-04-08 22:56:15,319 - zentao_bug_monitor - INFO - BUG检查完成
2025-04-08 23:01:15,425 - zentao_bug_monitor - INFO - 开始检查BUG更新...
2025-04-08 23:01:15,425 - zentao_bug_monitor - INFO - 正在获取产品ID为 3,4,5,6 的BUG列表
2025-04-08 23:01:15,425 - zentao_bug_monitor - INFO - 过滤项目ID为 5
2025-04-08 23:01:16,241 - zentao_bug_monitor - INFO - 成功获取到 3 个BUG
2025-04-08 23:01:19,484 - zentao_bug_monitor - INFO - BUG检查完成
2025-04-08 23:06:19,587 - zentao_bug_monitor - INFO - 开始检查BUG更新...
2025-04-08 23:06:19,587 - zentao_bug_monitor - INFO - 正在获取产品ID为 3,4,5,6 的BUG列表
2025-04-08 23:06:19,587 - zentao_bug_monitor - INFO - 过滤项目ID为 5
2025-04-08 23:06:20,764 - zentao_bug_monitor - INFO - 成功获取到 3 个BUG
2025-04-08 23:06:44,010 - zentao_bug_monitor - INFO - BUG检查完成
2025-04-08 23:11:44,124 - zentao_bug_monitor - INFO - 开始检查BUG更新...
2025-04-08 23:11:44,124 - zentao_bug_monitor - INFO - 正在获取产品ID为 3,4,5,6 的BUG列表
2025-04-08 23:11:44,124 - zentao_bug_monitor - INFO - 过滤项目ID为 5
2025-04-08 23:11:45,154 - zentao_bug_monitor - INFO - 成功获取到 3 个BUG
2025-04-08 23:11:48,478 - zentao_bug_monitor - INFO - BUG检查完成
2025-04-08 23:16:48,581 - zentao_bug_monitor - INFO - 开始检查BUG更新...
2025-04-08 23:16:48,581 - zentao_bug_monitor - INFO - 正在获取产品ID为 3,4,5,6 的BUG列表
2025-04-08 23:16:48,581 - zentao_bug_monitor - INFO - 过滤项目ID为 5
2025-04-08 23:16:49,843 - zentao_bug_monitor - INFO - 成功获取到 3 个BUG
2025-04-08 23:16:52,773 - zentao_bug_monitor - INFO - BUG检查完成
2025-04-08 23:21:52,880 - zentao_bug_monitor - INFO - 开始检查BUG更新...
2025-04-08 23:21:52,880 - zentao_bug_monitor - INFO - 正在获取产品ID为 3,4,5,6 的BUG列表
2025-04-08 23:21:52,880 - zentao_bug_monitor - INFO - 过滤项目ID为 5
2025-04-08 23:22:15,452 - zentao_bug_monitor - INFO - 成功获取到 3 个BUG
2025-04-08 23:22:17,734 - zentao_bug_monitor - INFO - BUG检查完成
2025-04-08 23:27:17,842 - zentao_bug_monitor - INFO - 开始检查BUG更新...
2025-04-08 23:27:17,842 - zentao_bug_monitor - INFO - 正在获取产品ID为 3,4,5,6 的BUG列表
2025-04-08 23:27:17,842 - zentao_bug_monitor - INFO - 过滤项目ID为 5
2025-04-08 23:27:18,979 - zentao_bug_monitor - INFO - 成功获取到 3 个BUG
2025-04-08 23:27:23,285 - zentao_bug_monitor - INFO - BUG检查完成
2025-04-08 23:32:23,391 - zentao_bug_monitor - INFO - 开始检查BUG更新...
2025-04-08 23:32:23,391 - zentao_bug_monitor - INFO - 正在获取产品ID为 3,4,5,6 的BUG列表
2025-04-08 23:32:23,391 - zentao_bug_monitor - INFO - 过滤项目ID为 5
2025-04-08 23:32:24,976 - zentao_bug_monitor - INFO - 成功获取到 3 个BUG
2025-04-08 23:32:27,912 - zentao_bug_monitor - INFO - BUG检查完成
2025-04-08 23:37:28,015 - zentao_bug_monitor - INFO - 开始检查BUG更新...
2025-04-08 23:37:28,015 - zentao_bug_monitor - INFO - 正在获取产品ID为 3,4,5,6 的BUG列表
2025-04-08 23:37:28,016 - zentao_bug_monitor - INFO - 过滤项目ID为 5
2025-04-08 23:37:29,523 - zentao_bug_monitor - INFO - 成功获取到 3 个BUG
2025-04-08 23:37:32,757 - zentao_bug_monitor - INFO - BUG检查完成
2025-04-08 23:42:32,864 - zentao_bug_monitor - INFO - 开始检查BUG更新...
2025-04-08 23:42:32,864 - zentao_bug_monitor - INFO - 正在获取产品ID为 3,4,5,6 的BUG列表
2025-04-08 23:42:32,864 - zentao_bug_monitor - INFO - 过滤项目ID为 5
2025-04-08 23:42:33,923 - zentao_bug_monitor - INFO - 成功获取到 3 个BUG
2025-04-08 23:42:36,642 - zentao_bug_monitor - INFO - BUG检查完成
2025-04-08 23:47:36,753 - zentao_bug_monitor - INFO - 开始检查BUG更新...
2025-04-08 23:47:36,753 - zentao_bug_monitor - INFO - 正在获取产品ID为 3,4,5,6 的BUG列表
2025-04-08 23:47:36,753 - zentao_bug_monitor - INFO - 过滤项目ID为 5
2025-04-08 23:47:37,751 - zentao_bug_monitor - INFO - 成功获取到 3 个BUG
2025-04-08 23:47:40,316 - zentao_bug_monitor - INFO - BUG检查完成
2025-04-08 23:52:40,424 - zentao_bug_monitor - INFO - 开始检查BUG更新...
2025-04-08 23:52:40,424 - zentao_bug_monitor - INFO - 正在获取产品ID为 3,4,5,6 的BUG列表
2025-04-08 23:52:40,424 - zentao_bug_monitor - INFO - 过滤项目ID为 5
2025-04-08 23:52:41,688 - zentao_bug_monitor - INFO - 成功获取到 3 个BUG
2025-04-08 23:52:44,797 - zentao_bug_monitor - INFO - BUG检查完成
2025-04-08 23:57:44,904 - zentao_bug_monitor - INFO - 开始检查BUG更新...
2025-04-08 23:57:44,904 - zentao_bug_monitor - INFO - 正在获取产品ID为 3,4,5,6 的BUG列表
2025-04-08 23:57:44,904 - zentao_bug_monitor - INFO - 过滤项目ID为 5
2025-04-08 23:57:46,121 - zentao_bug_monitor - INFO - 成功获取到 3 个BUG
2025-04-08 23:57:49,479 - zentao_bug_monitor - INFO - BUG检查完成
2025-04-09 00:02:49,585 - zentao_bug_monitor - INFO - 开始检查BUG更新...
2025-04-09 00:02:49,585 - zentao_bug_monitor - INFO - 正在获取产品ID为 3,4,5,6 的BUG列表
2025-04-09 00:02:49,585 - zentao_bug_monitor - INFO - 过滤项目ID为 5
2025-04-09 00:02:50,533 - zentao_bug_monitor - INFO - 成功获取到 3 个BUG
2025-04-09 00:02:53,521 - zentao_bug_monitor - INFO - BUG检查完成
2025-04-09 00:07:53,623 - zentao_bug_monitor - INFO - 开始检查BUG更新...
2025-04-09 00:07:53,623 - zentao_bug_monitor - INFO - 正在获取产品ID为 3,4,5,6 的BUG列表
2025-04-09 00:07:53,623 - zentao_bug_monitor - INFO - 过滤项目ID为 5
2025-04-09 00:07:54,787 - zentao_bug_monitor - INFO - 成功获取到 3 个BUG
2025-04-09 00:07:57,460 - zentao_bug_monitor - INFO - BUG检查完成
2025-04-09 00:12:57,565 - zentao_bug_monitor - INFO - 开始检查BUG更新...
2025-04-09 00:12:57,565 - zentao_bug_monitor - INFO - 正在获取产品ID为 3,4,5,6 的BUG列表
2025-04-09 00:12:57,565 - zentao_bug_monitor - INFO - 过滤项目ID为 5
2025-04-09 00:12:58,741 - zentao_bug_monitor - INFO - 成功获取到 3 个BUG
2025-04-09 00:13:01,822 - zentao_bug_monitor - INFO - BUG检查完成
2025-04-09 00:18:01,929 - zentao_bug_monitor - INFO - 开始检查BUG更新...
2025-04-09 00:18:01,929 - zentao_bug_monitor - INFO - 正在获取产品ID为 3,4,5,6 的BUG列表
2025-04-09 00:18:01,929 - zentao_bug_monitor - INFO - 过滤项目ID为 5
2025-04-09 00:18:03,416 - zentao_bug_monitor - INFO - 成功获取到 3 个BUG
2025-04-09 00:18:06,536 - zentao_bug_monitor - INFO - BUG检查完成
2025-04-09 00:23:06,642 - zentao_bug_monitor - INFO - 开始检查BUG更新...
2025-04-09 00:23:06,642 - zentao_bug_monitor - INFO - 正在获取产品ID为 3,4,5,6 的BUG列表
2025-04-09 00:23:06,642 - zentao_bug_monitor - INFO - 过滤项目ID为 5
2025-04-09 00:23:07,802 - zentao_bug_monitor - INFO - 成功获取到 3 个BUG
2025-04-09 00:23:10,404 - zentao_bug_monitor - INFO - BUG检查完成
2025-04-09 00:28:10,513 - zentao_bug_monitor - INFO - 开始检查BUG更新...
2025-04-09 00:28:10,513 - zentao_bug_monitor - INFO - 正在获取产品ID为 3,4,5,6 的BUG列表
2025-04-09 00:28:10,514 - zentao_bug_monitor - INFO - 过滤项目ID为 5
2025-04-09 00:28:11,484 - zentao_bug_monitor - INFO - 成功获取到 3 个BUG
2025-04-09 00:28:14,676 - zentao_bug_monitor - INFO - BUG检查完成
2025-04-09 00:33:14,784 - zentao_bug_monitor - INFO - 开始检查BUG更新...
2025-04-09 00:33:14,784 - zentao_bug_monitor - INFO - 正在获取产品ID为 3,4,5,6 的BUG列表
2025-04-09 00:33:14,784 - zentao_bug_monitor - INFO - 过滤项目ID为 5
2025-04-09 00:33:16,262 - zentao_bug_monitor - INFO - 成功获取到 3 个BUG
2025-04-09 00:33:19,394 - zentao_bug_monitor - INFO - BUG检查完成
2025-04-09 00:38:19,505 - zentao_bug_monitor - INFO - 开始检查BUG更新...
2025-04-09 00:38:19,505 - zentao_bug_monitor - INFO - 正在获取产品ID为 3,4,5,6 的BUG列表
2025-04-09 00:38:19,506 - zentao_bug_monitor - INFO - 过滤项目ID为 5
2025-04-09 00:38:21,085 - zentao_bug_monitor - INFO - 成功获取到 3 个BUG
2025-04-09 00:38:23,557 - zentao_bug_monitor - INFO - BUG检查完成
2025-04-09 00:43:23,664 - zentao_bug_monitor - INFO - 开始检查BUG更新...
2025-04-09 00:43:23,664 - zentao_bug_monitor - INFO - 正在获取产品ID为 3,4,5,6 的BUG列表
2025-04-09 00:43:23,664 - zentao_bug_monitor - INFO - 过滤项目ID为 5
2025-04-09 00:43:25,148 - zentao_bug_monitor - INFO - 成功获取到 3 个BUG
2025-04-09 00:44:09,842 - zentao_bug_monitor - INFO - BUG检查完成
2025-04-09 00:47:28,917 - zentao_bug_monitor - INFO - 开始统计未确认BUG...
2025-04-09 00:47:28,917 - zentao_bug_monitor - INFO - 正在获取产品ID为 3,4,5,6 的BUG列表
2025-04-09 00:47:28,917 - zentao_bug_monitor - INFO - 过滤项目ID为 5
2025-04-09 00:47:29,725 - zentao_bug_monitor - INFO - 成功获取到 3 个BUG
2025-04-09 00:47:32,365 - zentao_bug_monitor - INFO - 没有未确认的BUG，无需发送统计通知
2025-04-09 00:49:10,401 - zentao_bug_monitor - INFO - 开始检查BUG更新...
2025-04-09 00:49:10,401 - zentao_bug_monitor - INFO - 正在获取产品ID为 3,4,5,6 的BUG列表
2025-04-09 00:49:10,401 - zentao_bug_monitor - INFO - 过滤项目ID为 5
2025-04-09 00:49:11,876 - zentao_bug_monitor - INFO - 成功获取到 3 个BUG
2025-04-09 00:49:14,919 - zentao_bug_monitor - INFO - BUG检查完成
2025-04-09 00:54:15,023 - zentao_bug_monitor - INFO - 开始检查BUG更新...
2025-04-09 00:54:15,023 - zentao_bug_monitor - INFO - 正在获取产品ID为 3,4,5,6 的BUG列表
2025-04-09 00:54:15,023 - zentao_bug_monitor - INFO - 过滤项目ID为 5
2025-04-09 00:54:16,549 - zentao_bug_monitor - INFO - 成功获取到 3 个BUG
2025-04-09 00:54:19,916 - zentao_bug_monitor - INFO - BUG检查完成
2025-04-09 00:59:20,018 - zentao_bug_monitor - INFO - 开始检查BUG更新...
2025-04-09 00:59:20,018 - zentao_bug_monitor - INFO - 正在获取产品ID为 3,4,5,6 的BUG列表
2025-04-09 00:59:20,018 - zentao_bug_monitor - INFO - 过滤项目ID为 5
2025-04-09 00:59:21,149 - zentao_bug_monitor - INFO - 成功获取到 3 个BUG
2025-04-09 00:59:45,084 - zentao_bug_monitor - INFO - BUG检查完成
2025-04-09 01:04:45,207 - zentao_bug_monitor - INFO - 开始检查BUG更新...
2025-04-09 01:04:45,207 - zentao_bug_monitor - INFO - 正在获取产品ID为 3,4,5,6 的BUG列表
2025-04-09 01:04:45,207 - zentao_bug_monitor - INFO - 过滤项目ID为 5
2025-04-09 01:04:46,072 - zentao_bug_monitor - INFO - 成功获取到 3 个BUG
2025-04-09 01:04:49,433 - zentao_bug_monitor - INFO - BUG检查完成
2025-04-09 01:09:49,540 - zentao_bug_monitor - INFO - 开始检查BUG更新...
2025-04-09 01:09:49,540 - zentao_bug_monitor - INFO - 正在获取产品ID为 3,4,5,6 的BUG列表
2025-04-09 01:09:49,540 - zentao_bug_monitor - INFO - 过滤项目ID为 5
2025-04-09 01:09:50,387 - zentao_bug_monitor - INFO - 成功获取到 3 个BUG
2025-04-09 01:09:53,806 - zentao_bug_monitor - INFO - BUG检查完成
2025-04-09 01:14:53,904 - zentao_bug_monitor - INFO - 开始检查BUG更新...
2025-04-09 01:14:53,904 - zentao_bug_monitor - INFO - 正在获取产品ID为 3,4,5,6 的BUG列表
2025-04-09 01:14:53,904 - zentao_bug_monitor - INFO - 过滤项目ID为 5
2025-04-09 01:14:54,876 - zentao_bug_monitor - INFO - 成功获取到 3 个BUG
2025-04-09 01:14:58,183 - zentao_bug_monitor - INFO - BUG检查完成
2025-04-09 01:19:58,292 - zentao_bug_monitor - INFO - 开始检查BUG更新...
2025-04-09 01:19:58,292 - zentao_bug_monitor - INFO - 正在获取产品ID为 3,4,5,6 的BUG列表
2025-04-09 01:19:58,293 - zentao_bug_monitor - INFO - 过滤项目ID为 5
2025-04-09 01:19:59,494 - zentao_bug_monitor - INFO - 成功获取到 3 个BUG
2025-04-09 01:20:02,438 - zentao_bug_monitor - INFO - BUG检查完成
2025-04-09 01:25:02,544 - zentao_bug_monitor - INFO - 开始检查BUG更新...
2025-04-09 01:25:02,544 - zentao_bug_monitor - INFO - 正在获取产品ID为 3,4,5,6 的BUG列表
2025-04-09 01:25:02,544 - zentao_bug_monitor - INFO - 过滤项目ID为 5
2025-04-09 01:25:03,468 - zentao_bug_monitor - INFO - 成功获取到 3 个BUG
2025-04-09 01:25:27,076 - zentao_bug_monitor - INFO - BUG检查完成
2025-04-09 01:30:27,182 - zentao_bug_monitor - INFO - 开始检查BUG更新...
2025-04-09 01:30:27,182 - zentao_bug_monitor - INFO - 正在获取产品ID为 3,4,5,6 的BUG列表
2025-04-09 01:30:27,182 - zentao_bug_monitor - INFO - 过滤项目ID为 5
2025-04-09 01:30:28,342 - zentao_bug_monitor - INFO - 成功获取到 3 个BUG
2025-04-09 01:30:31,172 - zentao_bug_monitor - INFO - BUG检查完成
2025-04-09 01:35:31,279 - zentao_bug_monitor - INFO - 开始检查BUG更新...
2025-04-09 01:35:31,279 - zentao_bug_monitor - INFO - 正在获取产品ID为 3,4,5,6 的BUG列表
2025-04-09 01:35:31,279 - zentao_bug_monitor - INFO - 过滤项目ID为 5
2025-04-09 01:35:32,681 - zentao_bug_monitor - INFO - 成功获取到 3 个BUG
2025-04-09 01:35:35,742 - zentao_bug_monitor - INFO - BUG检查完成
2025-04-09 01:40:35,848 - zentao_bug_monitor - INFO - 开始检查BUG更新...
2025-04-09 01:40:35,848 - zentao_bug_monitor - INFO - 正在获取产品ID为 3,4,5,6 的BUG列表
2025-04-09 01:40:35,848 - zentao_bug_monitor - INFO - 过滤项目ID为 5
2025-04-09 01:40:36,851 - zentao_bug_monitor - INFO - 成功获取到 3 个BUG
2025-04-09 01:40:39,840 - zentao_bug_monitor - INFO - BUG检查完成
2025-04-09 01:45:39,945 - zentao_bug_monitor - INFO - 开始检查BUG更新...
2025-04-09 01:45:39,945 - zentao_bug_monitor - INFO - 正在获取产品ID为 3,4,5,6 的BUG列表
2025-04-09 01:45:39,946 - zentao_bug_monitor - INFO - 过滤项目ID为 5
2025-04-09 01:45:41,138 - zentao_bug_monitor - INFO - 成功获取到 3 个BUG
2025-04-09 01:46:04,667 - zentao_bug_monitor - INFO - BUG检查完成
2025-04-09 01:51:04,775 - zentao_bug_monitor - INFO - 开始检查BUG更新...
2025-04-09 01:51:04,775 - zentao_bug_monitor - INFO - 正在获取产品ID为 3,4,5,6 的BUG列表
2025-04-09 01:51:04,775 - zentao_bug_monitor - INFO - 过滤项目ID为 5
2025-04-09 01:51:06,011 - zentao_bug_monitor - INFO - 成功获取到 3 个BUG
2025-04-09 01:51:08,931 - zentao_bug_monitor - INFO - BUG检查完成
2025-04-09 01:56:09,039 - zentao_bug_monitor - INFO - 开始检查BUG更新...
2025-04-09 01:56:09,039 - zentao_bug_monitor - INFO - 正在获取产品ID为 3,4,5,6 的BUG列表
2025-04-09 01:56:09,039 - zentao_bug_monitor - INFO - 过滤项目ID为 5
2025-04-09 01:56:09,574 - zentao_bug_monitor - INFO - 成功获取到 3 个BUG
2025-04-09 01:56:12,114 - zentao_bug_monitor - INFO - BUG检查完成
2025-04-09 02:01:12,222 - zentao_bug_monitor - INFO - 开始检查BUG更新...
2025-04-09 02:01:12,222 - zentao_bug_monitor - INFO - 正在获取产品ID为 3,4,5,6 的BUG列表
2025-04-09 02:01:12,222 - zentao_bug_monitor - INFO - 过滤项目ID为 5
2025-04-09 02:01:12,839 - zentao_bug_monitor - INFO - 成功获取到 3 个BUG
2025-04-09 02:01:14,886 - zentao_bug_monitor - INFO - BUG检查完成
2025-04-09 02:06:14,993 - zentao_bug_monitor - INFO - 开始检查BUG更新...
2025-04-09 02:06:14,993 - zentao_bug_monitor - INFO - 正在获取产品ID为 3,4,5,6 的BUG列表
2025-04-09 02:06:14,993 - zentao_bug_monitor - INFO - 过滤项目ID为 5
2025-04-09 02:06:15,510 - zentao_bug_monitor - INFO - 成功获取到 3 个BUG
2025-04-09 02:06:18,136 - zentao_bug_monitor - INFO - BUG检查完成
2025-04-09 02:11:18,239 - zentao_bug_monitor - INFO - 开始检查BUG更新...
2025-04-09 02:11:18,239 - zentao_bug_monitor - INFO - 正在获取产品ID为 3,4,5,6 的BUG列表
2025-04-09 02:11:18,239 - zentao_bug_monitor - INFO - 过滤项目ID为 5
2025-04-09 02:11:18,757 - zentao_bug_monitor - INFO - 成功获取到 3 个BUG
2025-04-09 02:11:42,102 - zentao_bug_monitor - INFO - BUG检查完成
2025-04-09 02:16:42,206 - zentao_bug_monitor - INFO - 开始检查BUG更新...
2025-04-09 02:16:42,206 - zentao_bug_monitor - INFO - 正在获取产品ID为 3,4,5,6 的BUG列表
2025-04-09 02:16:42,206 - zentao_bug_monitor - INFO - 过滤项目ID为 5
2025-04-09 02:16:42,694 - zentao_bug_monitor - INFO - 成功获取到 3 个BUG
2025-04-09 02:17:05,158 - zentao_bug_monitor - INFO - BUG检查完成
2025-04-09 02:22:05,259 - zentao_bug_monitor - INFO - 开始检查BUG更新...
2025-04-09 02:22:05,259 - zentao_bug_monitor - INFO - 正在获取产品ID为 3,4,5,6 的BUG列表
2025-04-09 02:22:05,259 - zentao_bug_monitor - INFO - 过滤项目ID为 5
2025-04-09 02:22:05,748 - zentao_bug_monitor - INFO - 成功获取到 3 个BUG
2025-04-09 02:22:06,832 - zentao_bug_monitor - INFO - BUG检查完成
2025-04-09 02:27:06,956 - zentao_bug_monitor - INFO - 开始检查BUG更新...
2025-04-09 02:27:06,956 - zentao_bug_monitor - INFO - 正在获取产品ID为 3,4,5,6 的BUG列表
2025-04-09 02:27:06,957 - zentao_bug_monitor - INFO - 过滤项目ID为 5
2025-04-09 02:27:07,564 - zentao_bug_monitor - INFO - 成功获取到 3 个BUG
2025-04-09 02:27:08,623 - zentao_bug_monitor - INFO - BUG检查完成
2025-04-09 02:32:08,738 - zentao_bug_monitor - INFO - 开始检查BUG更新...
2025-04-09 02:32:08,738 - zentao_bug_monitor - INFO - 正在获取产品ID为 3,4,5,6 的BUG列表
2025-04-09 02:32:08,738 - zentao_bug_monitor - INFO - 过滤项目ID为 5
2025-04-09 02:32:09,216 - zentao_bug_monitor - INFO - 成功获取到 3 个BUG
2025-04-09 02:32:10,211 - zentao_bug_monitor - INFO - BUG检查完成
2025-04-09 02:37:10,320 - zentao_bug_monitor - INFO - 开始检查BUG更新...
2025-04-09 02:37:10,320 - zentao_bug_monitor - INFO - 正在获取产品ID为 3,4,5,6 的BUG列表
2025-04-09 02:37:10,320 - zentao_bug_monitor - INFO - 过滤项目ID为 5
2025-04-09 02:37:11,016 - zentao_bug_monitor - INFO - 成功获取到 3 个BUG
2025-04-09 02:37:12,195 - zentao_bug_monitor - INFO - BUG检查完成
2025-04-09 02:42:12,305 - zentao_bug_monitor - INFO - 开始检查BUG更新...
2025-04-09 02:42:12,305 - zentao_bug_monitor - INFO - 正在获取产品ID为 3,4,5,6 的BUG列表
2025-04-09 02:42:12,305 - zentao_bug_monitor - INFO - 过滤项目ID为 5
2025-04-09 02:42:12,886 - zentao_bug_monitor - INFO - 成功获取到 3 个BUG
2025-04-09 02:42:13,987 - zentao_bug_monitor - INFO - BUG检查完成
2025-04-09 02:47:14,089 - zentao_bug_monitor - INFO - 开始检查BUG更新...
2025-04-09 02:47:14,089 - zentao_bug_monitor - INFO - 正在获取产品ID为 3,4,5,6 的BUG列表
2025-04-09 02:47:14,090 - zentao_bug_monitor - INFO - 过滤项目ID为 5
2025-04-09 02:47:14,825 - zentao_bug_monitor - INFO - 成功获取到 3 个BUG
2025-04-09 02:47:15,897 - zentao_bug_monitor - INFO - BUG检查完成
2025-04-09 02:52:16,002 - zentao_bug_monitor - INFO - 开始检查BUG更新...
2025-04-09 02:52:16,002 - zentao_bug_monitor - INFO - 正在获取产品ID为 3,4,5,6 的BUG列表
2025-04-09 02:52:16,002 - zentao_bug_monitor - INFO - 过滤项目ID为 5
2025-04-09 02:52:37,687 - zentao_bug_monitor - INFO - 成功获取到 3 个BUG
2025-04-09 02:52:38,929 - zentao_bug_monitor - INFO - BUG检查完成
2025-04-09 02:57:39,035 - zentao_bug_monitor - INFO - 开始检查BUG更新...
2025-04-09 02:57:39,035 - zentao_bug_monitor - INFO - 正在获取产品ID为 3,4,5,6 的BUG列表
2025-04-09 02:57:39,035 - zentao_bug_monitor - INFO - 过滤项目ID为 5
2025-04-09 02:57:39,413 - zentao_bug_monitor - INFO - 成功获取到 3 个BUG
2025-04-09 02:57:39,963 - zentao_bug_monitor - INFO - BUG检查完成
2025-04-09 03:02:40,067 - zentao_bug_monitor - INFO - 开始检查BUG更新...
2025-04-09 03:02:40,067 - zentao_bug_monitor - INFO - 正在获取产品ID为 3,4,5,6 的BUG列表
2025-04-09 03:02:40,067 - zentao_bug_monitor - INFO - 过滤项目ID为 5
2025-04-09 03:02:40,426 - zentao_bug_monitor - INFO - 成功获取到 3 个BUG
2025-04-09 03:02:41,000 - zentao_bug_monitor - INFO - BUG检查完成
2025-04-09 03:07:41,103 - zentao_bug_monitor - INFO - 开始检查BUG更新...
2025-04-09 03:07:41,103 - zentao_bug_monitor - INFO - 正在获取产品ID为 3,4,5,6 的BUG列表
2025-04-09 03:07:41,103 - zentao_bug_monitor - INFO - 过滤项目ID为 5
2025-04-09 03:08:24,617 - zentao_bug_monitor - INFO - 成功获取到 3 个BUG
2025-04-09 03:08:25,207 - zentao_bug_monitor - INFO - BUG检查完成
2025-04-09 03:13:25,316 - zentao_bug_monitor - INFO - 开始检查BUG更新...
2025-04-09 03:13:25,316 - zentao_bug_monitor - INFO - 正在获取产品ID为 3,4,5,6 的BUG列表
2025-04-09 03:13:25,316 - zentao_bug_monitor - INFO - 过滤项目ID为 5
2025-04-09 03:13:25,782 - zentao_bug_monitor - INFO - 成功获取到 3 个BUG
2025-04-09 03:13:26,339 - zentao_bug_monitor - INFO - BUG检查完成
2025-04-09 03:18:26,444 - zentao_bug_monitor - INFO - 开始检查BUG更新...
2025-04-09 03:18:26,444 - zentao_bug_monitor - INFO - 正在获取产品ID为 3,4,5,6 的BUG列表
2025-04-09 03:18:26,444 - zentao_bug_monitor - INFO - 过滤项目ID为 5
2025-04-09 03:18:26,845 - zentao_bug_monitor - INFO - 成功获取到 3 个BUG
2025-04-09 03:18:48,459 - zentao_bug_monitor - INFO - BUG检查完成
2025-04-09 03:23:48,566 - zentao_bug_monitor - INFO - 开始检查BUG更新...
2025-04-09 03:23:48,566 - zentao_bug_monitor - INFO - 正在获取产品ID为 3,4,5,6 的BUG列表
2025-04-09 03:23:48,566 - zentao_bug_monitor - INFO - 过滤项目ID为 5
2025-04-09 03:23:48,897 - zentao_bug_monitor - INFO - 成功获取到 3 个BUG
2025-04-09 03:24:10,447 - zentao_bug_monitor - INFO - BUG检查完成
2025-04-09 03:29:10,554 - zentao_bug_monitor - INFO - 开始检查BUG更新...
2025-04-09 03:29:10,554 - zentao_bug_monitor - INFO - 正在获取产品ID为 3,4,5,6 的BUG列表
2025-04-09 03:29:10,554 - zentao_bug_monitor - INFO - 过滤项目ID为 5
2025-04-09 03:29:10,934 - zentao_bug_monitor - INFO - 成功获取到 3 个BUG
2025-04-09 03:29:11,516 - zentao_bug_monitor - INFO - BUG检查完成
2025-04-09 03:34:11,623 - zentao_bug_monitor - INFO - 开始检查BUG更新...
2025-04-09 03:34:11,623 - zentao_bug_monitor - INFO - 正在获取产品ID为 3,4,5,6 的BUG列表
2025-04-09 03:34:11,623 - zentao_bug_monitor - INFO - 过滤项目ID为 5
2025-04-09 03:34:12,097 - zentao_bug_monitor - INFO - 成功获取到 3 个BUG
2025-04-09 03:34:12,655 - zentao_bug_monitor - INFO - BUG检查完成
2025-04-09 03:39:12,771 - zentao_bug_monitor - INFO - 开始检查BUG更新...
2025-04-09 03:39:12,771 - zentao_bug_monitor - INFO - 正在获取产品ID为 3,4,5,6 的BUG列表
2025-04-09 03:39:12,771 - zentao_bug_monitor - INFO - 过滤项目ID为 5
2025-04-09 03:39:13,140 - zentao_bug_monitor - INFO - 成功获取到 3 个BUG
2025-04-09 03:39:13,703 - zentao_bug_monitor - INFO - BUG检查完成
2025-04-09 03:44:13,826 - zentao_bug_monitor - INFO - 开始检查BUG更新...
2025-04-09 03:44:13,826 - zentao_bug_monitor - INFO - 正在获取产品ID为 3,4,5,6 的BUG列表
2025-04-09 03:44:13,826 - zentao_bug_monitor - INFO - 过滤项目ID为 5
2025-04-09 03:44:14,207 - zentao_bug_monitor - INFO - 成功获取到 3 个BUG
2025-04-09 03:44:14,777 - zentao_bug_monitor - INFO - BUG检查完成
2025-04-09 03:49:14,883 - zentao_bug_monitor - INFO - 开始检查BUG更新...
2025-04-09 03:49:14,883 - zentao_bug_monitor - INFO - 正在获取产品ID为 3,4,5,6 的BUG列表
2025-04-09 03:49:14,883 - zentao_bug_monitor - INFO - 过滤项目ID为 5
2025-04-09 03:49:15,271 - zentao_bug_monitor - INFO - 成功获取到 3 个BUG
2025-04-09 03:49:15,854 - zentao_bug_monitor - INFO - BUG检查完成
2025-04-09 03:54:15,968 - zentao_bug_monitor - INFO - 开始检查BUG更新...
2025-04-09 03:54:15,968 - zentao_bug_monitor - INFO - 正在获取产品ID为 3,4,5,6 的BUG列表
2025-04-09 03:54:15,968 - zentao_bug_monitor - INFO - 过滤项目ID为 5
2025-04-09 03:54:16,418 - zentao_bug_monitor - INFO - 成功获取到 3 个BUG
2025-04-09 03:54:17,041 - zentao_bug_monitor - INFO - BUG检查完成
2025-04-09 03:59:17,149 - zentao_bug_monitor - INFO - 开始检查BUG更新...
2025-04-09 03:59:17,149 - zentao_bug_monitor - INFO - 正在获取产品ID为 3,4,5,6 的BUG列表
2025-04-09 03:59:17,149 - zentao_bug_monitor - INFO - 过滤项目ID为 5
2025-04-09 03:59:17,534 - zentao_bug_monitor - INFO - 成功获取到 3 个BUG
2025-04-09 03:59:18,090 - zentao_bug_monitor - INFO - BUG检查完成
2025-04-09 04:04:18,200 - zentao_bug_monitor - INFO - 开始检查BUG更新...
2025-04-09 04:04:18,200 - zentao_bug_monitor - INFO - 正在获取产品ID为 3,4,5,6 的BUG列表
2025-04-09 04:04:18,200 - zentao_bug_monitor - INFO - 过滤项目ID为 5
2025-04-09 04:04:39,548 - zentao_bug_monitor - INFO - 成功获取到 3 个BUG
2025-04-09 04:04:40,125 - zentao_bug_monitor - INFO - BUG检查完成
2025-04-09 04:09:40,234 - zentao_bug_monitor - INFO - 开始检查BUG更新...
2025-04-09 04:09:40,234 - zentao_bug_monitor - INFO - 正在获取产品ID为 3,4,5,6 的BUG列表
2025-04-09 04:09:40,234 - zentao_bug_monitor - INFO - 过滤项目ID为 5
2025-04-09 04:09:40,595 - zentao_bug_monitor - INFO - 成功获取到 3 个BUG
2025-04-09 04:09:41,162 - zentao_bug_monitor - INFO - BUG检查完成
2025-04-09 04:14:41,271 - zentao_bug_monitor - INFO - 开始检查BUG更新...
2025-04-09 04:14:41,271 - zentao_bug_monitor - INFO - 正在获取产品ID为 3,4,5,6 的BUG列表
2025-04-09 04:14:41,271 - zentao_bug_monitor - INFO - 过滤项目ID为 5
2025-04-09 04:14:41,726 - zentao_bug_monitor - INFO - 成功获取到 3 个BUG
2025-04-09 04:14:42,297 - zentao_bug_monitor - INFO - BUG检查完成
2025-04-09 04:19:42,405 - zentao_bug_monitor - INFO - 开始检查BUG更新...
2025-04-09 04:19:42,405 - zentao_bug_monitor - INFO - 正在获取产品ID为 3,4,5,6 的BUG列表
2025-04-09 04:19:42,405 - zentao_bug_monitor - INFO - 过滤项目ID为 5
2025-04-09 04:20:03,888 - zentao_bug_monitor - INFO - 成功获取到 3 个BUG
2025-04-09 04:20:25,475 - zentao_bug_monitor - INFO - BUG检查完成
2025-04-09 04:25:25,583 - zentao_bug_monitor - INFO - 开始检查BUG更新...
2025-04-09 04:25:25,583 - zentao_bug_monitor - INFO - 正在获取产品ID为 3,4,5,6 的BUG列表
2025-04-09 04:25:25,583 - zentao_bug_monitor - INFO - 过滤项目ID为 5
2025-04-09 04:25:25,957 - zentao_bug_monitor - INFO - 成功获取到 3 个BUG
2025-04-09 04:25:26,524 - zentao_bug_monitor - INFO - BUG检查完成
2025-04-09 04:30:26,632 - zentao_bug_monitor - INFO - 开始检查BUG更新...
2025-04-09 04:30:26,632 - zentao_bug_monitor - INFO - 正在获取产品ID为 3,4,5,6 的BUG列表
2025-04-09 04:30:26,632 - zentao_bug_monitor - INFO - 过滤项目ID为 5
2025-04-09 04:30:27,027 - zentao_bug_monitor - INFO - 成功获取到 3 个BUG
2025-04-09 04:31:10,804 - zentao_bug_monitor - INFO - BUG检查完成
2025-04-09 04:36:10,916 - zentao_bug_monitor - INFO - 开始检查BUG更新...
2025-04-09 04:36:10,916 - zentao_bug_monitor - INFO - 正在获取产品ID为 3,4,5,6 的BUG列表
2025-04-09 04:36:10,916 - zentao_bug_monitor - INFO - 过滤项目ID为 5
2025-04-09 04:36:11,254 - zentao_bug_monitor - INFO - 成功获取到 3 个BUG
2025-04-09 04:36:11,820 - zentao_bug_monitor - INFO - BUG检查完成
2025-04-09 04:41:11,934 - zentao_bug_monitor - INFO - 开始检查BUG更新...
2025-04-09 04:41:11,934 - zentao_bug_monitor - INFO - 正在获取产品ID为 3,4,5,6 的BUG列表
2025-04-09 04:41:11,934 - zentao_bug_monitor - INFO - 过滤项目ID为 5
2025-04-09 04:41:12,285 - zentao_bug_monitor - INFO - 成功获取到 3 个BUG
2025-04-09 04:41:12,899 - zentao_bug_monitor - INFO - BUG检查完成
2025-04-09 04:46:13,002 - zentao_bug_monitor - INFO - 开始检查BUG更新...
2025-04-09 04:46:13,002 - zentao_bug_monitor - INFO - 正在获取产品ID为 3,4,5,6 的BUG列表
2025-04-09 04:46:13,002 - zentao_bug_monitor - INFO - 过滤项目ID为 5
2025-04-09 04:46:13,371 - zentao_bug_monitor - INFO - 成功获取到 3 个BUG
2025-04-09 04:46:34,940 - zentao_bug_monitor - INFO - BUG检查完成
2025-04-09 04:47:32,965 - zentao_bug_monitor - INFO - 开始统计未确认BUG...
2025-04-09 04:47:32,965 - zentao_bug_monitor - INFO - 正在获取产品ID为 3,4,5,6 的BUG列表
2025-04-09 04:47:32,965 - zentao_bug_monitor - INFO - 过滤项目ID为 5
2025-04-09 04:47:33,187 - zentao_bug_monitor - INFO - 成功获取到 3 个BUG
2025-04-09 04:47:33,742 - zentao_bug_monitor - INFO - 没有未确认的BUG，无需发送统计通知
2025-04-09 04:51:35,833 - zentao_bug_monitor - INFO - 开始检查BUG更新...
2025-04-09 04:51:35,833 - zentao_bug_monitor - INFO - 正在获取产品ID为 3,4,5,6 的BUG列表
2025-04-09 04:51:35,833 - zentao_bug_monitor - INFO - 过滤项目ID为 5
2025-04-09 04:51:36,182 - zentao_bug_monitor - INFO - 成功获取到 3 个BUG
2025-04-09 04:51:36,723 - zentao_bug_monitor - INFO - BUG检查完成
2025-04-09 04:56:36,828 - zentao_bug_monitor - INFO - 开始检查BUG更新...
2025-04-09 04:56:36,828 - zentao_bug_monitor - INFO - 正在获取产品ID为 3,4,5,6 的BUG列表
2025-04-09 04:56:36,828 - zentao_bug_monitor - INFO - 过滤项目ID为 5
2025-04-09 04:56:37,264 - zentao_bug_monitor - INFO - 成功获取到 3 个BUG
2025-04-09 04:57:19,868 - zentao_bug_monitor - INFO - BUG检查完成
2025-04-09 05:02:19,976 - zentao_bug_monitor - INFO - 开始检查BUG更新...
2025-04-09 05:02:19,976 - zentao_bug_monitor - INFO - 正在获取产品ID为 3,4,5,6 的BUG列表
2025-04-09 05:02:19,976 - zentao_bug_monitor - INFO - 过滤项目ID为 5
2025-04-09 05:02:20,454 - zentao_bug_monitor - INFO - 成功获取到 3 个BUG
2025-04-09 05:02:42,065 - zentao_bug_monitor - INFO - BUG检查完成
2025-04-09 05:07:42,171 - zentao_bug_monitor - INFO - 开始检查BUG更新...
2025-04-09 05:07:42,171 - zentao_bug_monitor - INFO - 正在获取产品ID为 3,4,5,6 的BUG列表
2025-04-09 05:07:42,171 - zentao_bug_monitor - INFO - 过滤项目ID为 5
2025-04-09 05:07:42,546 - zentao_bug_monitor - INFO - 成功获取到 3 个BUG
2025-04-09 05:07:43,120 - zentao_bug_monitor - INFO - BUG检查完成
2025-04-09 05:12:43,231 - zentao_bug_monitor - INFO - 开始检查BUG更新...
2025-04-09 05:12:43,231 - zentao_bug_monitor - INFO - 正在获取产品ID为 3,4,5,6 的BUG列表
2025-04-09 05:12:43,231 - zentao_bug_monitor - INFO - 过滤项目ID为 5
2025-04-09 05:12:43,566 - zentao_bug_monitor - INFO - 成功获取到 3 个BUG
2025-04-09 05:12:44,121 - zentao_bug_monitor - INFO - BUG检查完成
2025-04-09 05:17:44,228 - zentao_bug_monitor - INFO - 开始检查BUG更新...
2025-04-09 05:17:44,228 - zentao_bug_monitor - INFO - 正在获取产品ID为 3,4,5,6 的BUG列表
2025-04-09 05:17:44,229 - zentao_bug_monitor - INFO - 过滤项目ID为 5
2025-04-09 05:17:44,698 - zentao_bug_monitor - INFO - 成功获取到 3 个BUG
2025-04-09 05:18:06,264 - zentao_bug_monitor - INFO - BUG检查完成
2025-04-09 05:23:06,377 - zentao_bug_monitor - INFO - 开始检查BUG更新...
2025-04-09 05:23:06,377 - zentao_bug_monitor - INFO - 正在获取产品ID为 3,4,5,6 的BUG列表
2025-04-09 05:23:06,378 - zentao_bug_monitor - INFO - 过滤项目ID为 5
2025-04-09 05:23:06,759 - zentao_bug_monitor - INFO - 成功获取到 3 个BUG
2025-04-09 05:23:07,344 - zentao_bug_monitor - INFO - BUG检查完成
2025-04-09 05:28:07,453 - zentao_bug_monitor - INFO - 开始检查BUG更新...
2025-04-09 05:28:07,453 - zentao_bug_monitor - INFO - 正在获取产品ID为 3,4,5,6 的BUG列表
2025-04-09 05:28:07,453 - zentao_bug_monitor - INFO - 过滤项目ID为 5
2025-04-09 05:28:07,821 - zentao_bug_monitor - INFO - 成功获取到 3 个BUG
2025-04-09 05:28:08,397 - zentao_bug_monitor - INFO - BUG检查完成
2025-04-09 05:33:08,503 - zentao_bug_monitor - INFO - 开始检查BUG更新...
2025-04-09 05:33:08,503 - zentao_bug_monitor - INFO - 正在获取产品ID为 3,4,5,6 的BUG列表
2025-04-09 05:33:08,503 - zentao_bug_monitor - INFO - 过滤项目ID为 5
2025-04-09 05:33:08,851 - zentao_bug_monitor - INFO - 成功获取到 3 个BUG
2025-04-09 05:33:09,446 - zentao_bug_monitor - INFO - BUG检查完成
2025-04-09 05:38:09,563 - zentao_bug_monitor - INFO - 开始检查BUG更新...
2025-04-09 05:38:09,563 - zentao_bug_monitor - INFO - 正在获取产品ID为 3,4,5,6 的BUG列表
2025-04-09 05:38:09,563 - zentao_bug_monitor - INFO - 过滤项目ID为 5
2025-04-09 05:38:10,510 - zentao_bug_monitor - INFO - 成功获取到 3 个BUG
2025-04-09 05:38:12,830 - zentao_bug_monitor - INFO - BUG检查完成
2025-04-09 05:43:12,941 - zentao_bug_monitor - INFO - 开始检查BUG更新...
2025-04-09 05:43:12,941 - zentao_bug_monitor - INFO - 正在获取产品ID为 3,4,5,6 的BUG列表
2025-04-09 05:43:12,941 - zentao_bug_monitor - INFO - 过滤项目ID为 5
2025-04-09 05:43:13,279 - zentao_bug_monitor - INFO - 成功获取到 3 个BUG
2025-04-09 05:43:14,394 - zentao_bug_monitor - INFO - BUG检查完成
2025-04-09 05:48:14,506 - zentao_bug_monitor - INFO - 开始检查BUG更新...
2025-04-09 05:48:14,506 - zentao_bug_monitor - INFO - 正在获取产品ID为 3,4,5,6 的BUG列表
2025-04-09 05:48:14,506 - zentao_bug_monitor - INFO - 过滤项目ID为 5
2025-04-09 05:48:14,875 - zentao_bug_monitor - INFO - 成功获取到 3 个BUG
2025-04-09 05:48:37,052 - zentao_bug_monitor - INFO - BUG检查完成
2025-04-09 05:53:37,158 - zentao_bug_monitor - INFO - 开始检查BUG更新...
2025-04-09 05:53:37,158 - zentao_bug_monitor - INFO - 正在获取产品ID为 3,4,5,6 的BUG列表
2025-04-09 05:53:37,158 - zentao_bug_monitor - INFO - 过滤项目ID为 5
2025-04-09 05:53:37,497 - zentao_bug_monitor - INFO - 成功获取到 3 个BUG
2025-04-09 05:53:38,672 - zentao_bug_monitor - INFO - BUG检查完成
2025-04-09 05:58:38,777 - zentao_bug_monitor - INFO - 开始检查BUG更新...
2025-04-09 05:58:38,777 - zentao_bug_monitor - INFO - 正在获取产品ID为 3,4,5,6 的BUG列表
2025-04-09 05:58:38,777 - zentao_bug_monitor - INFO - 过滤项目ID为 5
2025-04-09 05:58:39,132 - zentao_bug_monitor - INFO - 成功获取到 3 个BUG
2025-04-09 05:58:40,829 - zentao_bug_monitor - INFO - BUG检查完成
2025-04-09 06:03:40,935 - zentao_bug_monitor - INFO - 开始检查BUG更新...
2025-04-09 06:03:40,935 - zentao_bug_monitor - INFO - 正在获取产品ID为 3,4,5,6 的BUG列表
2025-04-09 06:03:40,935 - zentao_bug_monitor - INFO - 过滤项目ID为 5
2025-04-09 06:03:41,290 - zentao_bug_monitor - INFO - 成功获取到 3 个BUG
2025-04-09 06:03:42,277 - zentao_bug_monitor - INFO - BUG检查完成
2025-04-09 06:08:42,384 - zentao_bug_monitor - INFO - 开始检查BUG更新...
2025-04-09 06:08:42,384 - zentao_bug_monitor - INFO - 正在获取产品ID为 3,4,5,6 的BUG列表
2025-04-09 06:08:42,384 - zentao_bug_monitor - INFO - 过滤项目ID为 5
2025-04-09 06:08:42,737 - zentao_bug_monitor - INFO - 成功获取到 3 个BUG
2025-04-09 06:08:43,770 - zentao_bug_monitor - INFO - BUG检查完成
2025-04-09 06:13:43,881 - zentao_bug_monitor - INFO - 开始检查BUG更新...
2025-04-09 06:13:43,881 - zentao_bug_monitor - INFO - 正在获取产品ID为 3,4,5,6 的BUG列表
2025-04-09 06:13:43,881 - zentao_bug_monitor - INFO - 过滤项目ID为 5
2025-04-09 06:13:44,853 - zentao_bug_monitor - INFO - 成功获取到 3 个BUG
2025-04-09 06:13:45,464 - zentao_bug_monitor - INFO - BUG检查完成
2025-04-09 06:18:45,570 - zentao_bug_monitor - INFO - 开始检查BUG更新...
2025-04-09 06:18:45,570 - zentao_bug_monitor - INFO - 正在获取产品ID为 3,4,5,6 的BUG列表
2025-04-09 06:18:45,570 - zentao_bug_monitor - INFO - 过滤项目ID为 5
2025-04-09 06:18:47,086 - zentao_bug_monitor - INFO - 成功获取到 3 个BUG
2025-04-09 06:18:47,676 - zentao_bug_monitor - INFO - BUG检查完成
2025-04-09 06:23:47,781 - zentao_bug_monitor - INFO - 开始检查BUG更新...
2025-04-09 06:23:47,781 - zentao_bug_monitor - INFO - 正在获取产品ID为 3,4,5,6 的BUG列表
2025-04-09 06:23:47,781 - zentao_bug_monitor - INFO - 过滤项目ID为 5
2025-04-09 06:23:48,167 - zentao_bug_monitor - INFO - 成功获取到 3 个BUG
2025-04-09 06:24:10,346 - zentao_bug_monitor - INFO - BUG检查完成
2025-04-09 06:29:10,453 - zentao_bug_monitor - INFO - 开始检查BUG更新...
2025-04-09 06:29:10,453 - zentao_bug_monitor - INFO - 正在获取产品ID为 3,4,5,6 的BUG列表
2025-04-09 06:29:10,454 - zentao_bug_monitor - INFO - 过滤项目ID为 5
2025-04-09 06:29:10,918 - zentao_bug_monitor - INFO - 成功获取到 3 个BUG
2025-04-09 06:29:34,068 - zentao_bug_monitor - INFO - BUG检查完成
2025-04-09 06:34:34,172 - zentao_bug_monitor - INFO - 开始检查BUG更新...
2025-04-09 06:34:34,172 - zentao_bug_monitor - INFO - 正在获取产品ID为 3,4,5,6 的BUG列表
2025-04-09 06:34:34,172 - zentao_bug_monitor - INFO - 过滤项目ID为 5
2025-04-09 06:34:35,118 - zentao_bug_monitor - INFO - 成功获取到 3 个BUG
2025-04-09 06:34:58,255 - zentao_bug_monitor - INFO - BUG检查完成
2025-04-09 06:39:58,363 - zentao_bug_monitor - INFO - 开始检查BUG更新...
2025-04-09 06:39:58,363 - zentao_bug_monitor - INFO - 正在获取产品ID为 3,4,5,6 的BUG列表
2025-04-09 06:39:58,364 - zentao_bug_monitor - INFO - 过滤项目ID为 5
2025-04-09 06:39:59,116 - zentao_bug_monitor - INFO - 成功获取到 3 个BUG
2025-04-09 06:40:01,580 - zentao_bug_monitor - INFO - BUG检查完成
2025-04-09 06:45:01,687 - zentao_bug_monitor - INFO - 开始检查BUG更新...
2025-04-09 06:45:01,687 - zentao_bug_monitor - INFO - 正在获取产品ID为 3,4,5,6 的BUG列表
2025-04-09 06:45:01,687 - zentao_bug_monitor - INFO - 过滤项目ID为 5
2025-04-09 06:45:02,615 - zentao_bug_monitor - INFO - 成功获取到 3 个BUG
2025-04-09 06:45:05,227 - zentao_bug_monitor - INFO - BUG检查完成
2025-04-09 06:50:05,332 - zentao_bug_monitor - INFO - 开始检查BUG更新...
2025-04-09 06:50:05,332 - zentao_bug_monitor - INFO - 正在获取产品ID为 3,4,5,6 的BUG列表
2025-04-09 06:50:05,332 - zentao_bug_monitor - INFO - 过滤项目ID为 5
2025-04-09 06:50:06,825 - zentao_bug_monitor - INFO - 成功获取到 3 个BUG
2025-04-09 06:50:09,628 - zentao_bug_monitor - INFO - BUG检查完成
2025-04-09 06:55:09,741 - zentao_bug_monitor - INFO - 开始检查BUG更新...
2025-04-09 06:55:09,741 - zentao_bug_monitor - INFO - 正在获取产品ID为 3,4,5,6 的BUG列表
2025-04-09 06:55:09,741 - zentao_bug_monitor - INFO - 过滤项目ID为 5
2025-04-09 06:55:11,234 - zentao_bug_monitor - INFO - 成功获取到 3 个BUG
2025-04-09 06:55:13,930 - zentao_bug_monitor - INFO - BUG检查完成
2025-04-09 07:00:14,038 - zentao_bug_monitor - INFO - 开始检查BUG更新...
2025-04-09 07:00:14,038 - zentao_bug_monitor - INFO - 正在获取产品ID为 3,4,5,6 的BUG列表
2025-04-09 07:00:14,038 - zentao_bug_monitor - INFO - 过滤项目ID为 5
2025-04-09 07:00:14,954 - zentao_bug_monitor - INFO - 成功获取到 3 个BUG
2025-04-09 07:00:17,581 - zentao_bug_monitor - INFO - BUG检查完成
2025-04-09 07:05:17,705 - zentao_bug_monitor - INFO - 开始检查BUG更新...
2025-04-09 07:05:17,705 - zentao_bug_monitor - INFO - 正在获取产品ID为 3,4,5,6 的BUG列表
2025-04-09 07:05:17,705 - zentao_bug_monitor - INFO - 过滤项目ID为 5
2025-04-09 07:05:18,643 - zentao_bug_monitor - INFO - 成功获取到 3 个BUG
2025-04-09 07:05:21,437 - zentao_bug_monitor - INFO - BUG检查完成
2025-04-09 07:10:21,540 - zentao_bug_monitor - INFO - 开始检查BUG更新...
2025-04-09 07:10:21,540 - zentao_bug_monitor - INFO - 正在获取产品ID为 3,4,5,6 的BUG列表
2025-04-09 07:10:21,540 - zentao_bug_monitor - INFO - 过滤项目ID为 5
2025-04-09 07:10:23,129 - zentao_bug_monitor - INFO - 成功获取到 3 个BUG
2025-04-09 07:10:46,279 - zentao_bug_monitor - INFO - BUG检查完成
2025-04-09 07:15:46,382 - zentao_bug_monitor - INFO - 开始检查BUG更新...
2025-04-09 07:15:46,382 - zentao_bug_monitor - INFO - 正在获取产品ID为 3,4,5,6 的BUG列表
2025-04-09 07:15:46,382 - zentao_bug_monitor - INFO - 过滤项目ID为 5
2025-04-09 07:15:47,146 - zentao_bug_monitor - INFO - 成功获取到 3 个BUG
2025-04-09 07:15:49,966 - zentao_bug_monitor - INFO - BUG检查完成
2025-04-09 07:20:50,067 - zentao_bug_monitor - INFO - 开始检查BUG更新...
2025-04-09 07:20:50,067 - zentao_bug_monitor - INFO - 正在获取产品ID为 3,4,5,6 的BUG列表
2025-04-09 07:20:50,067 - zentao_bug_monitor - INFO - 过滤项目ID为 5
2025-04-09 07:20:51,016 - zentao_bug_monitor - INFO - 成功获取到 3 个BUG
2025-04-09 07:20:53,697 - zentao_bug_monitor - INFO - BUG检查完成
2025-04-09 07:25:53,808 - zentao_bug_monitor - INFO - 开始检查BUG更新...
2025-04-09 07:25:53,808 - zentao_bug_monitor - INFO - 正在获取产品ID为 3,4,5,6 的BUG列表
2025-04-09 07:25:53,808 - zentao_bug_monitor - INFO - 过滤项目ID为 5
2025-04-09 07:25:54,754 - zentao_bug_monitor - INFO - 成功获取到 3 个BUG
2025-04-09 07:25:58,114 - zentao_bug_monitor - INFO - BUG检查完成
2025-04-09 07:30:58,222 - zentao_bug_monitor - INFO - 开始检查BUG更新...
2025-04-09 07:30:58,222 - zentao_bug_monitor - INFO - 正在获取产品ID为 3,4,5,6 的BUG列表
2025-04-09 07:30:58,222 - zentao_bug_monitor - INFO - 过滤项目ID为 5
2025-04-09 07:30:59,141 - zentao_bug_monitor - INFO - 成功获取到 3 个BUG
2025-04-09 07:31:01,891 - zentao_bug_monitor - INFO - BUG检查完成
2025-04-09 07:36:02,000 - zentao_bug_monitor - INFO - 开始检查BUG更新...
2025-04-09 07:36:02,000 - zentao_bug_monitor - INFO - 正在获取产品ID为 3,4,5,6 的BUG列表
2025-04-09 07:36:02,000 - zentao_bug_monitor - INFO - 过滤项目ID为 5
2025-04-09 07:36:02,789 - zentao_bug_monitor - INFO - 成功获取到 3 个BUG
2025-04-09 07:36:05,052 - zentao_bug_monitor - INFO - BUG检查完成
2025-04-09 07:41:05,158 - zentao_bug_monitor - INFO - 开始检查BUG更新...
2025-04-09 07:41:05,158 - zentao_bug_monitor - INFO - 正在获取产品ID为 3,4,5,6 的BUG列表
2025-04-09 07:41:05,159 - zentao_bug_monitor - INFO - 过滤项目ID为 5
2025-04-09 07:41:05,939 - zentao_bug_monitor - INFO - 成功获取到 3 个BUG
2025-04-09 07:41:29,755 - zentao_bug_monitor - INFO - BUG检查完成
2025-04-09 07:46:29,862 - zentao_bug_monitor - INFO - 开始检查BUG更新...
2025-04-09 07:46:29,863 - zentao_bug_monitor - INFO - 正在获取产品ID为 3,4,5,6 的BUG列表
2025-04-09 07:46:29,863 - zentao_bug_monitor - INFO - 过滤项目ID为 5
2025-04-09 07:46:30,698 - zentao_bug_monitor - INFO - 成功获取到 3 个BUG
2025-04-09 07:46:32,790 - zentao_bug_monitor - INFO - BUG检查完成
2025-04-09 07:51:32,896 - zentao_bug_monitor - INFO - 开始检查BUG更新...
2025-04-09 07:51:32,896 - zentao_bug_monitor - INFO - 正在获取产品ID为 3,4,5,6 的BUG列表
2025-04-09 07:51:32,896 - zentao_bug_monitor - INFO - 过滤项目ID为 5
2025-04-09 07:51:34,365 - zentao_bug_monitor - INFO - 成功获取到 3 个BUG
2025-04-09 07:51:37,005 - zentao_bug_monitor - INFO - BUG检查完成
2025-04-09 07:56:37,110 - zentao_bug_monitor - INFO - 开始检查BUG更新...
2025-04-09 07:56:37,110 - zentao_bug_monitor - INFO - 正在获取产品ID为 3,4,5,6 的BUG列表
2025-04-09 07:56:37,110 - zentao_bug_monitor - INFO - 过滤项目ID为 5
2025-04-09 07:56:38,574 - zentao_bug_monitor - INFO - 成功获取到 3 个BUG
2025-04-09 07:56:40,951 - zentao_bug_monitor - INFO - BUG检查完成
2025-04-09 08:01:41,055 - zentao_bug_monitor - INFO - 开始检查BUG更新...
2025-04-09 08:01:41,055 - zentao_bug_monitor - INFO - 正在获取产品ID为 3,4,5,6 的BUG列表
2025-04-09 08:01:41,055 - zentao_bug_monitor - INFO - 过滤项目ID为 5
2025-04-09 08:01:41,837 - zentao_bug_monitor - INFO - 成功获取到 3 个BUG
2025-04-09 08:01:44,236 - zentao_bug_monitor - INFO - BUG检查完成
2025-04-09 08:06:44,338 - zentao_bug_monitor - INFO - 开始检查BUG更新...
2025-04-09 08:06:44,338 - zentao_bug_monitor - INFO - 正在获取产品ID为 3,4,5,6 的BUG列表
2025-04-09 08:06:44,339 - zentao_bug_monitor - INFO - 过滤项目ID为 5
2025-04-09 08:06:45,260 - zentao_bug_monitor - INFO - 成功获取到 3 个BUG
2025-04-09 08:06:47,550 - zentao_bug_monitor - INFO - BUG检查完成
2025-04-09 08:11:47,666 - zentao_bug_monitor - INFO - 开始检查BUG更新...
2025-04-09 08:11:47,667 - zentao_bug_monitor - INFO - 正在获取产品ID为 3,4,5,6 的BUG列表
2025-04-09 08:11:47,667 - zentao_bug_monitor - INFO - 过滤项目ID为 5
2025-04-09 08:11:48,581 - zentao_bug_monitor - INFO - 成功获取到 3 个BUG
2025-04-09 08:11:51,260 - zentao_bug_monitor - INFO - BUG检查完成
2025-04-09 08:16:51,368 - zentao_bug_monitor - INFO - 开始检查BUG更新...
2025-04-09 08:16:51,368 - zentao_bug_monitor - INFO - 正在获取产品ID为 3,4,5,6 的BUG列表
2025-04-09 08:16:51,368 - zentao_bug_monitor - INFO - 过滤项目ID为 5
2025-04-09 08:16:52,119 - zentao_bug_monitor - INFO - 成功获取到 3 个BUG
2025-04-09 08:16:54,931 - zentao_bug_monitor - INFO - BUG检查完成
2025-04-09 08:21:55,033 - zentao_bug_monitor - INFO - 开始检查BUG更新...
2025-04-09 08:21:55,033 - zentao_bug_monitor - INFO - 正在获取产品ID为 3,4,5,6 的BUG列表
2025-04-09 08:21:55,033 - zentao_bug_monitor - INFO - 过滤项目ID为 5
2025-04-09 08:22:16,926 - zentao_bug_monitor - INFO - 成功获取到 3 个BUG
2025-04-09 08:22:19,207 - zentao_bug_monitor - INFO - BUG检查完成
2025-04-09 08:27:19,312 - zentao_bug_monitor - INFO - 开始检查BUG更新...
2025-04-09 08:27:19,312 - zentao_bug_monitor - INFO - 正在获取产品ID为 3,4,5,6 的BUG列表
2025-04-09 08:27:19,312 - zentao_bug_monitor - INFO - 过滤项目ID为 5
2025-04-09 08:27:20,827 - zentao_bug_monitor - INFO - 成功获取到 3 个BUG
2025-04-09 08:27:22,952 - zentao_bug_monitor - INFO - BUG检查完成
2025-04-09 08:32:23,056 - zentao_bug_monitor - INFO - 开始检查BUG更新...
2025-04-09 08:32:23,056 - zentao_bug_monitor - INFO - 正在获取产品ID为 3,4,5,6 的BUG列表
2025-04-09 08:32:23,056 - zentao_bug_monitor - INFO - 过滤项目ID为 5
2025-04-09 08:32:24,523 - zentao_bug_monitor - INFO - 成功获取到 3 个BUG
2025-04-09 08:32:27,168 - zentao_bug_monitor - INFO - BUG检查完成
2025-04-09 08:37:27,269 - zentao_bug_monitor - INFO - 开始检查BUG更新...
2025-04-09 08:37:27,269 - zentao_bug_monitor - INFO - 正在获取产品ID为 3,4,5,6 的BUG列表
2025-04-09 08:37:27,269 - zentao_bug_monitor - INFO - 过滤项目ID为 5
2025-04-09 08:37:28,193 - zentao_bug_monitor - INFO - 成功获取到 3 个BUG
2025-04-09 08:37:30,257 - zentao_bug_monitor - INFO - BUG检查完成
2025-04-09 08:42:30,369 - zentao_bug_monitor - INFO - 开始检查BUG更新...
2025-04-09 08:42:30,369 - zentao_bug_monitor - INFO - 正在获取产品ID为 3,4,5,6 的BUG列表
2025-04-09 08:42:30,369 - zentao_bug_monitor - INFO - 过滤项目ID为 5
2025-04-09 08:42:31,111 - zentao_bug_monitor - INFO - 成功获取到 3 个BUG
2025-04-09 08:42:54,764 - zentao_bug_monitor - INFO - BUG检查完成
2025-04-09 13:52:30,999 - zentao_bug_monitor - INFO - 禅道BUG监控服务启动...
2025-04-09 13:52:32,424 - zentao_bug_monitor - INFO - 禅道API登录成功
2025-04-09 13:52:32,425 - zentao_bug_monitor - INFO - 开始检查BUG更新...
2025-04-09 13:52:32,425 - zentao_bug_monitor - INFO - 正在获取产品ID为 3,4,5,6 的BUG列表
2025-04-09 13:52:32,425 - zentao_bug_monitor - INFO - 过滤项目ID为 5
2025-04-09 13:52:33,260 - zentao_bug_monitor - INFO - 成功获取到 15 个BUG
2025-04-09 13:53:07,680 - zentao_bug_monitor - INFO - BUG检查完成
2025-04-09 13:58:07,786 - zentao_bug_monitor - INFO - 开始检查BUG更新...
2025-04-09 13:58:07,786 - zentao_bug_monitor - INFO - 正在获取产品ID为 3,4,5,6 的BUG列表
2025-04-09 13:58:07,787 - zentao_bug_monitor - INFO - 过滤项目ID为 5
2025-04-09 13:58:08,837 - zentao_bug_monitor - INFO - 成功获取到 15 个BUG
2025-04-09 13:58:43,316 - zentao_bug_monitor - INFO - BUG检查完成
2025-04-09 14:03:43,425 - zentao_bug_monitor - INFO - 开始检查BUG更新...
2025-04-09 14:03:43,426 - zentao_bug_monitor - INFO - 正在获取产品ID为 3,4,5,6 的BUG列表
2025-04-09 14:03:43,427 - zentao_bug_monitor - INFO - 过滤项目ID为 5
2025-04-09 14:03:44,449 - zentao_bug_monitor - INFO - 成功获取到 15 个BUG
2025-04-09 14:04:17,770 - zentao_bug_monitor - INFO - BUG检查完成
2025-04-09 14:09:17,871 - zentao_bug_monitor - INFO - 开始检查BUG更新...
2025-04-09 14:09:17,871 - zentao_bug_monitor - INFO - 正在获取产品ID为 3,4,5,6 的BUG列表
2025-04-09 14:09:17,871 - zentao_bug_monitor - INFO - 过滤项目ID为 5
2025-04-09 14:09:19,628 - zentao_bug_monitor - INFO - 成功获取到 15 个BUG
2025-04-09 14:10:16,848 - zentao_bug_monitor - INFO - BUG检查完成
2025-04-09 14:15:16,946 - zentao_bug_monitor - INFO - 开始检查BUG更新...
2025-04-09 14:15:16,946 - zentao_bug_monitor - INFO - 正在获取产品ID为 3,4,5,6 的BUG列表
2025-04-09 14:15:16,947 - zentao_bug_monitor - INFO - 过滤项目ID为 5
2025-04-09 14:15:17,874 - zentao_bug_monitor - INFO - 成功获取到 15 个BUG
2025-04-09 14:15:30,662 - zentao_bug_monitor - INFO - BUG检查完成
2025-04-09 14:20:30,764 - zentao_bug_monitor - INFO - 开始检查BUG更新...
2025-04-09 14:20:30,765 - zentao_bug_monitor - INFO - 正在获取产品ID为 3,4,5,6 的BUG列表
2025-04-09 14:20:30,765 - zentao_bug_monitor - INFO - 过滤项目ID为 5
2025-04-09 14:20:52,748 - zentao_bug_monitor - INFO - 成功获取到 15 个BUG
2025-04-09 14:21:47,892 - zentao_bug_monitor - INFO - BUG检查完成
2025-04-09 14:26:48,005 - zentao_bug_monitor - INFO - 开始检查BUG更新...
2025-04-09 14:26:48,006 - zentao_bug_monitor - INFO - 正在获取产品ID为 3,4,5,6 的BUG列表
2025-04-09 14:26:48,006 - zentao_bug_monitor - INFO - 过滤项目ID为 5
2025-04-09 14:26:48,957 - zentao_bug_monitor - INFO - 成功获取到 15 个BUG
2025-04-09 14:27:22,818 - zentao_bug_monitor - INFO - BUG检查完成
2025-04-09 14:32:22,913 - zentao_bug_monitor - INFO - 开始检查BUG更新...
2025-04-09 14:32:22,913 - zentao_bug_monitor - INFO - 正在获取产品ID为 3,4,5,6 的BUG列表
2025-04-09 14:32:22,913 - zentao_bug_monitor - INFO - 过滤项目ID为 5
2025-04-09 14:32:23,868 - zentao_bug_monitor - INFO - 成功获取到 15 个BUG
2025-04-09 14:33:20,188 - zentao_bug_monitor - INFO - BUG检查完成
2025-04-09 14:38:20,289 - zentao_bug_monitor - INFO - 开始检查BUG更新...
2025-04-09 14:38:20,289 - zentao_bug_monitor - INFO - 正在获取产品ID为 3,4,5,6 的BUG列表
2025-04-09 14:38:20,290 - zentao_bug_monitor - INFO - 过滤项目ID为 5
2025-04-09 14:38:21,452 - zentao_bug_monitor - INFO - 成功获取到 15 个BUG
2025-04-09 14:38:56,875 - zentao_bug_monitor - INFO - BUG检查完成
2025-04-09 14:43:56,973 - zentao_bug_monitor - INFO - 开始检查BUG更新...
2025-04-09 14:43:56,973 - zentao_bug_monitor - INFO - 正在获取产品ID为 3,4,5,6 的BUG列表
2025-04-09 14:43:56,973 - zentao_bug_monitor - INFO - 过滤项目ID为 5
2025-04-09 14:43:58,535 - zentao_bug_monitor - INFO - 成功获取到 15 个BUG
2025-04-09 14:44:51,882 - zentao_bug_monitor - INFO - BUG检查完成
2025-04-09 14:49:51,985 - zentao_bug_monitor - INFO - 开始检查BUG更新...
2025-04-09 14:49:51,986 - zentao_bug_monitor - INFO - 正在获取产品ID为 3,4,5,6 的BUG列表
2025-04-09 14:49:51,986 - zentao_bug_monitor - INFO - 过滤项目ID为 5
2025-04-09 14:49:52,787 - zentao_bug_monitor - INFO - 成功获取到 15 个BUG
2025-04-09 14:50:26,131 - zentao_bug_monitor - INFO - BUG检查完成
2025-04-09 14:55:26,287 - zentao_bug_monitor - INFO - 开始检查BUG更新...
2025-04-09 14:55:26,287 - zentao_bug_monitor - INFO - 正在获取产品ID为 3,4,5,6 的BUG列表
2025-04-09 14:55:26,288 - zentao_bug_monitor - INFO - 过滤项目ID为 5
2025-04-09 14:55:27,249 - zentao_bug_monitor - INFO - 成功获取到 16 个BUG
2025-04-09 14:55:38,745 - zentao_bug_monitor - INFO - BUG检查完成
2025-04-09 15:00:38,849 - zentao_bug_monitor - INFO - 开始检查BUG更新...
2025-04-09 15:00:38,850 - zentao_bug_monitor - INFO - 正在获取产品ID为 3,4,5,6 的BUG列表
2025-04-09 15:00:38,850 - zentao_bug_monitor - INFO - 过滤项目ID为 5
2025-04-09 15:00:39,657 - zentao_bug_monitor - INFO - 成功获取到 16 个BUG
2025-04-09 15:01:36,250 - zentao_bug_monitor - INFO - BUG检查完成
2025-04-09 15:06:36,358 - zentao_bug_monitor - INFO - 开始检查BUG更新...
2025-04-09 15:06:36,358 - zentao_bug_monitor - INFO - 正在获取产品ID为 3,4,5,6 的BUG列表
2025-04-09 15:06:36,358 - zentao_bug_monitor - INFO - 过滤项目ID为 5
2025-04-09 15:06:37,334 - zentao_bug_monitor - INFO - 成功获取到 16 个BUG
2025-04-09 15:06:57,420 - zentao_bug_monitor - INFO - BUG检查完成
2025-04-09 15:11:57,533 - zentao_bug_monitor - INFO - 开始检查BUG更新...
2025-04-09 15:11:57,533 - zentao_bug_monitor - INFO - 正在获取产品ID为 3,4,5,6 的BUG列表
2025-04-09 15:11:57,533 - zentao_bug_monitor - INFO - 过滤项目ID为 5
2025-04-09 15:11:58,481 - zentao_bug_monitor - INFO - 成功获取到 18 个BUG
2025-04-09 15:12:53,844 - zentao_bug_monitor - INFO - BUG检查完成
2025-04-09 15:17:54,001 - zentao_bug_monitor - INFO - 开始检查BUG更新...
2025-04-09 15:17:54,001 - zentao_bug_monitor - INFO - 正在获取产品ID为 3,4,5,6 的BUG列表
2025-04-09 15:17:54,001 - zentao_bug_monitor - INFO - 过滤项目ID为 5
2025-04-09 15:17:55,078 - zentao_bug_monitor - INFO - 成功获取到 18 个BUG
2025-04-09 15:18:32,693 - zentao_bug_monitor - INFO - BUG检查完成
2025-04-09 15:23:32,866 - zentao_bug_monitor - INFO - 开始检查BUG更新...
2025-04-09 15:23:32,866 - zentao_bug_monitor - INFO - 正在获取产品ID为 3,4,5,6 的BUG列表
2025-04-09 15:23:32,866 - zentao_bug_monitor - INFO - 过滤项目ID为 5
2025-04-09 15:23:33,759 - zentao_bug_monitor - INFO - 成功获取到 18 个BUG
2025-04-09 15:24:33,233 - zentao_bug_monitor - INFO - BUG检查完成
2025-04-09 15:29:33,417 - zentao_bug_monitor - INFO - 开始检查BUG更新...
2025-04-09 15:29:33,417 - zentao_bug_monitor - INFO - 正在获取产品ID为 3,4,5,6 的BUG列表
2025-04-09 15:29:33,417 - zentao_bug_monitor - INFO - 过滤项目ID为 5
2025-04-09 15:29:34,399 - zentao_bug_monitor - INFO - 成功获取到 18 个BUG
2025-04-09 15:30:54,648 - zentao_bug_monitor - INFO - BUG检查完成
2025-04-09 15:35:54,799 - zentao_bug_monitor - INFO - 开始检查BUG更新...
2025-04-09 15:35:54,800 - zentao_bug_monitor - INFO - 正在获取产品ID为 3,4,5,6 的BUG列表
2025-04-09 15:35:54,800 - zentao_bug_monitor - INFO - 过滤项目ID为 5
2025-04-09 15:35:55,769 - zentao_bug_monitor - INFO - 成功获取到 18 个BUG
2025-04-09 15:36:30,956 - zentao_bug_monitor - INFO - BUG检查完成
2025-04-09 15:41:31,073 - zentao_bug_monitor - INFO - 开始检查BUG更新...
2025-04-09 15:41:31,074 - zentao_bug_monitor - INFO - 正在获取产品ID为 3,4,5,6 的BUG列表
2025-04-09 15:41:31,075 - zentao_bug_monitor - INFO - 过滤项目ID为 5
2025-04-09 15:41:31,857 - zentao_bug_monitor - INFO - 成功获取到 18 个BUG
2025-04-09 15:41:44,787 - zentao_bug_monitor - INFO - BUG检查完成
2025-04-09 15:46:44,902 - zentao_bug_monitor - INFO - 开始检查BUG更新...
2025-04-09 15:46:44,902 - zentao_bug_monitor - INFO - 正在获取产品ID为 3,4,5,6 的BUG列表
2025-04-09 15:46:44,902 - zentao_bug_monitor - INFO - 过滤项目ID为 5
2025-04-09 15:46:46,015 - zentao_bug_monitor - INFO - 成功获取到 18 个BUG
2025-04-09 15:47:22,021 - zentao_bug_monitor - INFO - BUG检查完成
2025-04-09 15:52:22,116 - zentao_bug_monitor - INFO - 开始检查BUG更新...
2025-04-09 15:52:22,116 - zentao_bug_monitor - INFO - 正在获取产品ID为 3,4,5,6 的BUG列表
2025-04-09 15:52:22,117 - zentao_bug_monitor - INFO - 过滤项目ID为 5
2025-04-09 15:52:22,912 - zentao_bug_monitor - INFO - 成功获取到 18 个BUG
2025-04-09 15:53:19,512 - zentao_bug_monitor - INFO - BUG检查完成
2025-04-09 15:58:19,612 - zentao_bug_monitor - INFO - 开始检查BUG更新...
2025-04-09 15:58:19,612 - zentao_bug_monitor - INFO - 正在获取产品ID为 3,4,5,6 的BUG列表
2025-04-09 15:58:19,613 - zentao_bug_monitor - INFO - 过滤项目ID为 5
2025-04-09 15:58:20,607 - zentao_bug_monitor - INFO - 成功获取到 18 个BUG
2025-04-09 15:59:17,118 - zentao_bug_monitor - INFO - BUG检查完成
2025-04-09 16:04:17,207 - zentao_bug_monitor - INFO - 开始检查BUG更新...
2025-04-09 16:04:17,208 - zentao_bug_monitor - INFO - 正在获取产品ID为 3,4,5,6 的BUG列表
2025-04-09 16:04:17,208 - zentao_bug_monitor - INFO - 过滤项目ID为 5
2025-04-09 16:04:18,009 - zentao_bug_monitor - INFO - 成功获取到 18 个BUG
2025-04-09 16:05:14,399 - zentao_bug_monitor - INFO - BUG检查完成
2025-04-09 16:10:14,496 - zentao_bug_monitor - INFO - 开始检查BUG更新...
2025-04-09 16:10:14,497 - zentao_bug_monitor - INFO - 正在获取产品ID为 3,4,5,6 的BUG列表
2025-04-09 16:10:14,497 - zentao_bug_monitor - INFO - 过滤项目ID为 5
2025-04-09 16:10:36,301 - zentao_bug_monitor - INFO - 成功获取到 18 个BUG
2025-04-09 16:11:10,529 - zentao_bug_monitor - INFO - BUG检查完成
2025-04-09 16:16:10,635 - zentao_bug_monitor - INFO - 开始检查BUG更新...
2025-04-09 16:16:10,635 - zentao_bug_monitor - INFO - 正在获取产品ID为 3,4,5,6 的BUG列表
2025-04-09 16:16:10,636 - zentao_bug_monitor - INFO - 过滤项目ID为 5
2025-04-09 16:16:11,643 - zentao_bug_monitor - INFO - 成功获取到 18 个BUG
2025-04-09 16:16:27,057 - zentao_bug_monitor - INFO - BUG检查完成
2025-04-09 16:21:27,166 - zentao_bug_monitor - INFO - 开始检查BUG更新...
2025-04-09 16:21:27,166 - zentao_bug_monitor - INFO - 正在获取产品ID为 3,4,5,6 的BUG列表
2025-04-09 16:21:27,166 - zentao_bug_monitor - INFO - 过滤项目ID为 5
2025-04-09 16:21:28,147 - zentao_bug_monitor - INFO - 成功获取到 18 个BUG
2025-04-09 16:21:41,633 - zentao_bug_monitor - INFO - BUG检查完成
2025-04-09 16:26:41,736 - zentao_bug_monitor - INFO - 开始检查BUG更新...
2025-04-09 16:26:41,736 - zentao_bug_monitor - INFO - 正在获取产品ID为 3,4,5,6 的BUG列表
2025-04-09 16:26:41,736 - zentao_bug_monitor - INFO - 过滤项目ID为 5
2025-04-09 16:26:43,517 - zentao_bug_monitor - INFO - 成功获取到 18 个BUG
2025-04-09 16:27:17,746 - zentao_bug_monitor - INFO - BUG检查完成
2025-04-09 16:32:17,853 - zentao_bug_monitor - INFO - 开始检查BUG更新...
2025-04-09 16:32:17,854 - zentao_bug_monitor - INFO - 正在获取产品ID为 3,4,5,6 的BUG列表
2025-04-09 16:32:17,854 - zentao_bug_monitor - INFO - 过滤项目ID为 5
2025-04-09 16:32:18,836 - zentao_bug_monitor - INFO - 成功获取到 18 个BUG
2025-04-09 16:33:15,892 - zentao_bug_monitor - INFO - BUG检查完成
2025-04-09 16:38:15,996 - zentao_bug_monitor - INFO - 开始检查BUG更新...
2025-04-09 16:38:15,996 - zentao_bug_monitor - INFO - 正在获取产品ID为 3,4,5,6 的BUG列表
2025-04-09 16:38:15,996 - zentao_bug_monitor - INFO - 过滤项目ID为 5
2025-04-09 16:38:17,584 - zentao_bug_monitor - INFO - 成功获取到 18 个BUG
2025-04-09 16:38:32,749 - zentao_bug_monitor - INFO - BUG检查完成
2025-04-09 16:43:32,858 - zentao_bug_monitor - INFO - 开始检查BUG更新...
2025-04-09 16:43:32,859 - zentao_bug_monitor - INFO - 正在获取产品ID为 3,4,5,6 的BUG列表
2025-04-09 16:43:32,860 - zentao_bug_monitor - INFO - 过滤项目ID为 5
2025-04-09 16:43:33,838 - zentao_bug_monitor - INFO - 成功获取到 18 个BUG
2025-04-09 16:43:48,954 - zentao_bug_monitor - INFO - BUG检查完成
2025-04-09 16:48:49,052 - zentao_bug_monitor - INFO - 开始检查BUG更新...
2025-04-09 16:48:49,053 - zentao_bug_monitor - INFO - 正在获取产品ID为 3,4,5,6 的BUG列表
2025-04-09 16:48:49,055 - zentao_bug_monitor - INFO - 过滤项目ID为 5
2025-04-09 16:48:49,868 - zentao_bug_monitor - INFO - 成功获取到 18 个BUG
2025-04-09 16:49:03,290 - zentao_bug_monitor - INFO - BUG检查完成
2025-04-09 16:54:03,401 - zentao_bug_monitor - INFO - 开始检查BUG更新...
2025-04-09 16:54:03,401 - zentao_bug_monitor - INFO - 正在获取产品ID为 3,4,5,6 的BUG列表
2025-04-09 16:54:03,402 - zentao_bug_monitor - INFO - 过滤项目ID为 5
2025-04-09 16:54:04,338 - zentao_bug_monitor - INFO - 成功获取到 18 个BUG
2025-04-09 16:55:01,668 - zentao_bug_monitor - INFO - BUG检查完成
2025-04-09 17:00:01,764 - zentao_bug_monitor - INFO - 开始检查BUG更新...
2025-04-09 17:00:01,765 - zentao_bug_monitor - INFO - 正在获取产品ID为 3,4,5,6 的BUG列表
2025-04-09 17:00:01,765 - zentao_bug_monitor - INFO - 过滤项目ID为 5
2025-04-09 17:00:02,757 - zentao_bug_monitor - INFO - 成功获取到 18 个BUG
2025-04-09 17:01:00,256 - zentao_bug_monitor - INFO - BUG检查完成
2025-04-09 17:06:00,357 - zentao_bug_monitor - INFO - 开始检查BUG更新...
2025-04-09 17:06:00,358 - zentao_bug_monitor - INFO - 正在获取产品ID为 3,4,5,6 的BUG列表
2025-04-09 17:06:00,358 - zentao_bug_monitor - INFO - 过滤项目ID为 5
2025-04-09 17:06:02,039 - zentao_bug_monitor - INFO - 成功获取到 19 个BUG
2025-04-09 17:07:19,590 - zentao_bug_monitor - INFO - BUG检查完成
2025-04-09 17:12:19,700 - zentao_bug_monitor - INFO - 开始检查BUG更新...
2025-04-09 17:12:19,701 - zentao_bug_monitor - INFO - 正在获取产品ID为 3,4,5,6 的BUG列表
2025-04-09 17:12:19,702 - zentao_bug_monitor - INFO - 过滤项目ID为 5
2025-04-09 17:12:21,539 - zentao_bug_monitor - INFO - 成功获取到 19 个BUG
2025-04-09 17:12:58,035 - zentao_bug_monitor - INFO - BUG检查完成
2025-04-09 17:17:58,139 - zentao_bug_monitor - INFO - 开始检查BUG更新...
2025-04-09 17:17:58,141 - zentao_bug_monitor - INFO - 正在获取产品ID为 3,4,5,6 的BUG列表
2025-04-09 17:17:58,143 - zentao_bug_monitor - INFO - 过滤项目ID为 5
2025-04-09 17:17:59,038 - zentao_bug_monitor - INFO - 成功获取到 19 个BUG
2025-04-09 17:18:56,961 - zentao_bug_monitor - INFO - BUG检查完成
2025-04-09 17:23:57,065 - zentao_bug_monitor - INFO - 开始检查BUG更新...
2025-04-09 17:23:57,065 - zentao_bug_monitor - INFO - 正在获取产品ID为 3,4,5,6 的BUG列表
2025-04-09 17:23:57,065 - zentao_bug_monitor - INFO - 过滤项目ID为 5
2025-04-09 17:23:57,881 - zentao_bug_monitor - INFO - 成功获取到 19 个BUG
2025-04-09 17:24:54,852 - zentao_bug_monitor - INFO - BUG检查完成
2025-04-09 17:29:54,958 - zentao_bug_monitor - INFO - 开始检查BUG更新...
2025-04-09 17:29:54,958 - zentao_bug_monitor - INFO - 正在获取产品ID为 3,4,5,6 的BUG列表
2025-04-09 17:29:54,958 - zentao_bug_monitor - INFO - 过滤项目ID为 5
2025-04-09 17:29:55,923 - zentao_bug_monitor - INFO - 成功获取到 19 个BUG
2025-04-09 17:31:13,574 - zentao_bug_monitor - INFO - BUG检查完成
2025-04-09 17:36:13,670 - zentao_bug_monitor - INFO - 开始检查BUG更新...
2025-04-09 17:36:13,670 - zentao_bug_monitor - INFO - 正在获取产品ID为 3,4,5,6 的BUG列表
2025-04-09 17:36:13,672 - zentao_bug_monitor - INFO - 过滤项目ID为 5
2025-04-09 17:36:14,510 - zentao_bug_monitor - INFO - 成功获取到 20 个BUG
2025-04-09 17:37:54,795 - zentao_bug_monitor - INFO - BUG检查完成
2025-04-09 17:42:54,896 - zentao_bug_monitor - INFO - 开始检查BUG更新...
2025-04-09 17:42:54,896 - zentao_bug_monitor - INFO - 正在获取产品ID为 3,4,5,6 的BUG列表
2025-04-09 17:42:54,896 - zentao_bug_monitor - INFO - 过滤项目ID为 5
2025-04-09 17:42:55,913 - zentao_bug_monitor - INFO - 成功获取到 20 个BUG
2025-04-09 17:43:31,720 - zentao_bug_monitor - INFO - BUG检查完成
2025-04-09 17:48:31,815 - zentao_bug_monitor - INFO - 开始检查BUG更新...
2025-04-09 17:48:31,816 - zentao_bug_monitor - INFO - 正在获取产品ID为 3,4,5,6 的BUG列表
2025-04-09 17:48:31,817 - zentao_bug_monitor - INFO - 过滤项目ID为 5
2025-04-09 17:48:33,400 - zentao_bug_monitor - INFO - 成功获取到 20 个BUG
2025-04-09 17:49:08,975 - zentao_bug_monitor - INFO - BUG检查完成
2025-04-09 17:53:08,055 - zentao_bug_monitor - INFO - 开始统计未确认BUG...
2025-04-09 17:53:08,056 - zentao_bug_monitor - INFO - 正在获取产品ID为 3,4,5,6 的BUG列表
2025-04-09 17:53:08,056 - zentao_bug_monitor - INFO - 过滤项目ID为 5
2025-04-09 17:53:08,889 - zentao_bug_monitor - INFO - 成功获取到 20 个BUG
2025-04-09 17:54:06,908 - zentao_bug_monitor - INFO - 没有未确认的BUG，无需发送统计通知
2025-04-09 17:54:09,910 - zentao_bug_monitor - INFO - 开始检查BUG更新...
2025-04-09 17:54:09,910 - zentao_bug_monitor - INFO - 正在获取产品ID为 3,4,5,6 的BUG列表
2025-04-09 17:54:09,910 - zentao_bug_monitor - INFO - 过滤项目ID为 5
2025-04-09 17:54:10,743 - zentao_bug_monitor - INFO - 成功获取到 20 个BUG
2025-04-09 17:54:26,750 - zentao_bug_monitor - INFO - BUG检查完成
2025-04-09 17:59:26,851 - zentao_bug_monitor - INFO - 开始检查BUG更新...
2025-04-09 17:59:26,852 - zentao_bug_monitor - INFO - 正在获取产品ID为 3,4,5,6 的BUG列表
2025-04-09 17:59:26,853 - zentao_bug_monitor - INFO - 过滤项目ID为 5
2025-04-09 17:59:27,842 - zentao_bug_monitor - INFO - 成功获取到 20 个BUG
2025-04-09 18:00:26,743 - zentao_bug_monitor - INFO - BUG检查完成
2025-04-09 18:05:26,891 - zentao_bug_monitor - INFO - 开始检查BUG更新...
2025-04-09 18:05:26,891 - zentao_bug_monitor - INFO - 正在获取产品ID为 3,4,5,6 的BUG列表
2025-04-09 18:05:26,891 - zentao_bug_monitor - INFO - 过滤项目ID为 5
2025-04-09 18:05:27,862 - zentao_bug_monitor - INFO - 成功获取到 20 个BUG
2025-04-09 18:06:26,191 - zentao_bug_monitor - INFO - BUG检查完成
2025-04-09 18:11:26,351 - zentao_bug_monitor - INFO - 开始检查BUG更新...
2025-04-09 18:11:26,353 - zentao_bug_monitor - INFO - 正在获取产品ID为 3,4,5,6 的BUG列表
2025-04-09 18:11:26,353 - zentao_bug_monitor - INFO - 过滤项目ID为 5
2025-04-09 18:11:27,953 - zentao_bug_monitor - INFO - 成功获取到 20 个BUG
2025-04-09 18:12:03,879 - zentao_bug_monitor - INFO - BUG检查完成
2025-04-09 18:17:04,023 - zentao_bug_monitor - INFO - 开始检查BUG更新...
2025-04-09 18:17:04,023 - zentao_bug_monitor - INFO - 正在获取产品ID为 3,4,5,6 的BUG列表
2025-04-09 18:17:04,023 - zentao_bug_monitor - INFO - 过滤项目ID为 5
2025-04-09 18:17:04,991 - zentao_bug_monitor - INFO - 成功获取到 20 个BUG
2025-04-09 18:18:04,196 - zentao_bug_monitor - INFO - BUG检查完成
2025-04-09 18:23:04,346 - zentao_bug_monitor - INFO - 开始检查BUG更新...
2025-04-09 18:23:04,346 - zentao_bug_monitor - INFO - 正在获取产品ID为 3,4,5,6 的BUG列表
2025-04-09 18:23:04,347 - zentao_bug_monitor - INFO - 过滤项目ID为 5
2025-04-09 18:23:05,972 - zentao_bug_monitor - INFO - 成功获取到 20 个BUG
2025-04-09 18:23:44,350 - zentao_bug_monitor - INFO - BUG检查完成
2025-04-09 18:28:44,446 - zentao_bug_monitor - INFO - 开始检查BUG更新...
2025-04-09 18:28:44,446 - zentao_bug_monitor - INFO - 正在获取产品ID为 3,4,5,6 的BUG列表
2025-04-09 18:28:44,446 - zentao_bug_monitor - INFO - 过滤项目ID为 5
2025-04-09 18:28:45,214 - zentao_bug_monitor - INFO - 成功获取到 20 个BUG
2025-04-09 18:29:01,743 - zentao_bug_monitor - INFO - BUG检查完成
2025-04-09 18:34:01,856 - zentao_bug_monitor - INFO - 开始检查BUG更新...
2025-04-09 18:34:01,857 - zentao_bug_monitor - INFO - 正在获取产品ID为 3,4,5,6 的BUG列表
2025-04-09 18:34:01,857 - zentao_bug_monitor - INFO - 过滤项目ID为 5
2025-04-09 18:34:02,858 - zentao_bug_monitor - INFO - 成功获取到 20 个BUG
2025-04-09 18:34:40,703 - zentao_bug_monitor - INFO - BUG检查完成
2025-04-09 18:39:40,801 - zentao_bug_monitor - INFO - 开始检查BUG更新...
2025-04-09 18:39:40,801 - zentao_bug_monitor - INFO - 正在获取产品ID为 3,4,5,6 的BUG列表
2025-04-09 18:39:40,801 - zentao_bug_monitor - INFO - 过滤项目ID为 5
2025-04-09 18:39:42,404 - zentao_bug_monitor - INFO - 成功获取到 20 个BUG
2025-04-09 18:40:41,569 - zentao_bug_monitor - INFO - BUG检查完成
2025-04-09 18:45:41,672 - zentao_bug_monitor - INFO - 开始检查BUG更新...
2025-04-09 18:45:41,672 - zentao_bug_monitor - INFO - 正在获取产品ID为 3,4,5,6 的BUG列表
2025-04-09 18:45:41,672 - zentao_bug_monitor - INFO - 过滤项目ID为 5
2025-04-09 18:45:42,652 - zentao_bug_monitor - INFO - 成功获取到 20 个BUG
2025-04-09 18:46:20,415 - zentao_bug_monitor - INFO - BUG检查完成
2025-04-09 18:51:20,532 - zentao_bug_monitor - INFO - 开始检查BUG更新...
2025-04-09 18:51:20,533 - zentao_bug_monitor - INFO - 正在获取产品ID为 3,4,5,6 的BUG列表
2025-04-09 18:51:20,533 - zentao_bug_monitor - INFO - 过滤项目ID为 5
2025-04-09 18:51:21,649 - zentao_bug_monitor - INFO - 成功获取到 20 个BUG
2025-04-09 18:51:37,201 - zentao_bug_monitor - INFO - BUG检查完成
2025-04-09 18:56:37,333 - zentao_bug_monitor - INFO - 开始检查BUG更新...
2025-04-09 18:56:37,333 - zentao_bug_monitor - INFO - 正在获取产品ID为 3,4,5,6 的BUG列表
2025-04-09 18:56:37,333 - zentao_bug_monitor - INFO - 过滤项目ID为 5
2025-04-09 18:56:38,469 - zentao_bug_monitor - INFO - 成功获取到 20 个BUG
2025-04-09 18:57:36,713 - zentao_bug_monitor - INFO - BUG检查完成
2025-04-09 19:02:36,851 - zentao_bug_monitor - INFO - 开始检查BUG更新...
2025-04-09 19:02:36,851 - zentao_bug_monitor - INFO - 正在获取产品ID为 3,4,5,6 的BUG列表
2025-04-09 19:02:36,851 - zentao_bug_monitor - INFO - 过滤项目ID为 5
2025-04-09 19:02:37,645 - zentao_bug_monitor - INFO - 成功获取到 20 个BUG
2025-04-09 19:03:55,692 - zentao_bug_monitor - INFO - BUG检查完成
2025-04-09 19:08:55,807 - zentao_bug_monitor - INFO - 开始检查BUG更新...
2025-04-09 19:08:55,807 - zentao_bug_monitor - INFO - 正在获取产品ID为 3,4,5,6 的BUG列表
2025-04-09 19:08:55,807 - zentao_bug_monitor - INFO - 过滤项目ID为 5
2025-04-09 19:08:57,467 - zentao_bug_monitor - INFO - 成功获取到 20 个BUG
2025-04-09 19:09:55,522 - zentao_bug_monitor - INFO - BUG检查完成
2025-04-09 19:14:55,621 - zentao_bug_monitor - INFO - 开始检查BUG更新...
2025-04-09 19:14:55,621 - zentao_bug_monitor - INFO - 正在获取产品ID为 3,4,5,6 的BUG列表
2025-04-09 19:14:55,621 - zentao_bug_monitor - INFO - 过滤项目ID为 5
2025-04-09 19:14:57,323 - zentao_bug_monitor - INFO - 成功获取到 20 个BUG
2025-04-09 19:15:35,813 - zentao_bug_monitor - INFO - BUG检查完成
2025-04-09 19:20:35,910 - zentao_bug_monitor - INFO - 开始检查BUG更新...
2025-04-09 19:20:35,910 - zentao_bug_monitor - INFO - 正在获取产品ID为 3,4,5,6 的BUG列表
2025-04-09 19:20:35,910 - zentao_bug_monitor - INFO - 过滤项目ID为 5
2025-04-09 19:20:36,859 - zentao_bug_monitor - INFO - 成功获取到 18 个BUG
2025-04-09 19:21:09,597 - zentao_bug_monitor - INFO - BUG检查完成
2025-04-09 19:26:09,696 - zentao_bug_monitor - INFO - 开始检查BUG更新...
2025-04-09 19:26:09,697 - zentao_bug_monitor - INFO - 正在获取产品ID为 3,4,5,6 的BUG列表
2025-04-09 19:26:09,697 - zentao_bug_monitor - INFO - 过滤项目ID为 5
2025-04-09 19:26:11,423 - zentao_bug_monitor - INFO - 成功获取到 18 个BUG
2025-04-09 19:26:46,885 - zentao_bug_monitor - INFO - BUG检查完成
2025-04-09 19:31:47,000 - zentao_bug_monitor - INFO - 开始检查BUG更新...
2025-04-09 19:31:47,000 - zentao_bug_monitor - INFO - 正在获取产品ID为 3,4,5,6 的BUG列表
2025-04-09 19:31:47,000 - zentao_bug_monitor - INFO - 过滤项目ID为 5
2025-04-09 19:31:47,966 - zentao_bug_monitor - INFO - 成功获取到 18 个BUG
2025-04-09 19:32:01,286 - zentao_bug_monitor - INFO - BUG检查完成
2025-04-09 19:37:01,400 - zentao_bug_monitor - INFO - 开始检查BUG更新...
2025-04-09 19:37:01,400 - zentao_bug_monitor - INFO - 正在获取产品ID为 3,4,5,6 的BUG列表
2025-04-09 19:37:01,400 - zentao_bug_monitor - INFO - 过滤项目ID为 5
2025-04-09 19:37:02,382 - zentao_bug_monitor - INFO - 成功获取到 16 个BUG
